WARN main it.simonedegiacomi.goboxclient.Main Environment not initialized correctly.
java.io.FileNotFoundException: config/gobox.properties (No such file or directory)
	at java.io.FileInputStream.open0(Native Method)
	at java.io.FileInputStream.open(FileInputStream.java:195)
	at java.io.FileInputStream.<init>(FileInputStream.java:138)
	at it.simonedegiacomi.configuration.Config.load(Config.java:95)
	at it.simonedegiacomi.configuration.Config.load(Config.java:113)
	at it.simonedegiacomi.goboxclient.GoBoxFacade.initializeEnvironment(GoBoxFacade.java:144)
	at it.simonedegiacomi.goboxclient.Main.main(Main.java:61)
INFO Thread-6 it.simonedegiacomi.configuration.Config config saved
INFO Thread-6 it.simonedegiacomi.configuration.Config config saved
INFO Thread-6 it.simonedegiacomi.configuration.Config config saved
INFO Thread-6 it.simonedegiacomi.configuration.Config Property path not found, using default value: files/
INFO Thread-6 it.simonedegiacomi.sync.fs.MyFileSystemWatcher Start watching files
INFO Thread-6 it.simonedegiacomi.configuration.Config Property database not found, using default value: ./config/db
INFO Thread-6 com.j256.ormlite.table.TableUtils creating table 'file'
INFO Thread-6 com.j256.ormlite.table.TableUtils executed create table statement changed 0 rows: CREATE TABLE IF NOT EXISTS `file` (`ID` BIGINT AUTO_INCREMENT , `father_ID` BIGINT NOT NULL , `is_directory` TINYINT(1) NOT NULL , `trashed` TINYINT(1) NOT NULL , `size` BIGINT , `name` VARCHAR(255) NOT NULL , `creation` BIGINT , `last_update` BIGINT , `mime` VARCHAR(255) , PRIMARY KEY (`ID`) ) 
INFO Thread-6 com.j256.ormlite.table.TableUtils creating table 'event'
INFO Thread-6 com.j256.ormlite.table.TableUtils executed create table statement changed 0 rows: CREATE TABLE IF NOT EXISTS `event` (`ID` BIGINT AUTO_INCREMENT , `kind` VARCHAR(100) NOT NULL , `file_id` BIGINT , `date` BIGINT , PRIMARY KEY (`ID`) ) 
INFO Thread-6 com.j256.ormlite.table.TableUtils creating table 'sharing'
INFO Thread-6 com.j256.ormlite.table.TableUtils executed create table statement changed 0 rows: CREATE TABLE IF NOT EXISTS `sharing` (`ID` BIGINT AUTO_INCREMENT , `file_id` BIGINT , PRIMARY KEY (`ID`) ) 
INFO Thread-6 it.simonedegiacomi.configuration.Config Property directConnectionPort not found, using default value: 6522
INFO Thread-6 it.simonedegiacomi.configuration.Config Property directConnectionListenAddress not found, using default value: 0.0.0.0
INFO Thread-6 it.simonedegiacomi.configuration.Config Property keyStoreFile not found, using default value: keystore.ks
INFO Thread-6 it.simonedegiacomi.storage.Storage GBComponents list loaded
INFO Thread-6 it.simonedegiacomi.storage.Storage Analyzing component it.simonedegiacomi.storage.components.core.StorageToClient
INFO Thread-6 it.simonedegiacomi.storage.Storage Found onBridgeDownloadRequest (query handler)
INFO Thread-6 it.simonedegiacomi.storage.Storage Found onDirectDownloadRequest (http handler)
INFO Thread-6 it.simonedegiacomi.storage.Storage Analyzing component it.simonedegiacomi.storage.components.core.ClientToStorage
INFO Thread-6 it.simonedegiacomi.storage.Storage Found onBridgeUpload (query handler)
INFO Thread-6 it.simonedegiacomi.storage.Storage Analyzing component it.simonedegiacomi.storage.components.core.FileInfo
INFO Thread-6 it.simonedegiacomi.storage.Storage Found onFileInfoQuery (query handler)
INFO Thread-6 it.simonedegiacomi.storage.Storage Analyzing component it.simonedegiacomi.storage.components.core.CreateFolder
INFO Thread-6 it.simonedegiacomi.storage.Storage Found onQuery (query handler)
INFO Thread-6 it.simonedegiacomi.storage.Storage Analyzing component it.simonedegiacomi.storage.components.core.Search
INFO Thread-6 it.simonedegiacomi.storage.Storage Found onQuery (query handler)
INFO Thread-6 it.simonedegiacomi.storage.Storage Analyzing component it.simonedegiacomi.storage.components.core.Recent
INFO Thread-6 it.simonedegiacomi.storage.Storage Found onQuery (query handler)
INFO Thread-6 it.simonedegiacomi.storage.Storage Analyzing component it.simonedegiacomi.storage.components.core.Share
INFO Thread-6 it.simonedegiacomi.storage.Storage Found onShareListQuery (query handler)
INFO Thread-6 it.simonedegiacomi.storage.Storage Found onShareQuery (query handler)
INFO Thread-6 it.simonedegiacomi.storage.Storage Analyzing component it.simonedegiacomi.storage.components.core.Move
INFO Thread-6 it.simonedegiacomi.storage.Storage Found onQuery (query handler)
INFO Thread-6 it.simonedegiacomi.storage.Storage Analyzing component it.simonedegiacomi.storage.components.core.Ping
INFO Thread-6 it.simonedegiacomi.storage.Storage Found onPingQuery (query handler)
INFO Thread-6 it.simonedegiacomi.storage.direct.HttpsStorageServer Starting server
INFO ReadingThread it.simonedegiacomi.goboxapi.myws.MyWSClient Websocket connection established
INFO Thread-6 it.simonedegiacomi.storage.direct.HttpsStorageServer Server started
INFO Thread-6 it.simonedegiacomi.storage.Storage Storage started
INFO Thread-6 it.simonedegiacomi.sync.Sync Start synchronization with storage
WARN pool-1-thread-1 it.simonedegiacomi.goboxapi.myws.MyWSClient Received unknown event: initialization
INFO Thread-6 it.simonedegiacomi.sync.Sync sync completed
INFO Thread-11 it.simonedegiacomi.storage.direct.CorsHeadersMiddleware Adding cors headers
INFO pool-1-thread-1 it.simonedegiacomi.storage.components.GBComponent New file info query
INFO Thread-11 it.simonedegiacomi.storage.direct.CorsHeadersMiddleware Adding cors headers
INFO pool-1-thread-1 it.simonedegiacomi.storage.components.GBComponent New file info query
INFO Thread-11 it.simonedegiacomi.storage.direct.CorsHeadersMiddleware Adding cors headers
INFO pool-1-thread-1 it.simonedegiacomi.storage.components.GBComponent New file info query
INFO FileSystemListener it.simonedegiacomi.sync.fs.MyFileSystemWatcher Acquired new events: 1
INFO FileSystemListener it.simonedegiacomi.sync.fs.MyFileSystemWatcher Event ENTRY_CREATE
INFO FileSystemListener it.simonedegiacomi.sync.fs.MyFileSystemWatcher Start watching files/prova
INFO FileSystemListener it.simonedegiacomi.sync.fs.MyFileSystemWatcher File created files/prova
INFO FileSystemListener it.simonedegiacomi.sync.Sync new file created files/prova
INFO pool-2-thread-1 it.simonedegiacomi.sync.WorkManager running work UPLOAD file: prova
WARN pool-2-thread-1 it.simonedegiacomi.sync.Employee java.lang.IndexOutOfBoundsException: Index: -1, Size: 0
java.lang.IndexOutOfBoundsException: Index: -1, Size: 0
	at java.util.LinkedList.checkElementIndex(LinkedList.java:555)
	at java.util.LinkedList.remove(LinkedList.java:525)
	at it.simonedegiacomi.goboxapi.GBFile.setPathByList(GBFile.java:481)
	at it.simonedegiacomi.goboxapi.GBFile.getFather(GBFile.java:262)
	at it.simonedegiacomi.storage.InternalClient.createDirectory(InternalClient.java:134)
	at it.simonedegiacomi.sync.Employee.upload(Employee.java:153)
	at it.simonedegiacomi.sync.Employee.submit(Employee.java:71)
	at it.simonedegiacomi.sync.WorkManager.lambda$addWork$4(WorkManager.java:66)
	at java.util.concurrent.Executors$RunnableAdapter.call(Executors.java:511)
	at java.util.concurrent.FutureTask.run(FutureTask.java:266)
	at java.util.concurrent.ThreadPoolExecutor.runWorker(ThreadPoolExecutor.java:1142)
	at java.util.concurrent.ThreadPoolExecutor$Worker.run(ThreadPoolExecutor.java:617)
	at java.lang.Thread.run(Thread.java:745)
WARN pool-2-thread-1 it.simonedegiacomi.sync.WorkManager work failed UPLOAD file: prova
INFO pool-2-thread-1 it.simonedegiacomi.sync.WorkManager work completed UPLOAD file: prova
INFO FileSystemListener it.simonedegiacomi.sync.fs.MyFileSystemWatcher Acquired new events: 1
INFO FileSystemListener it.simonedegiacomi.sync.fs.MyFileSystemWatcher Event ENTRY_MODIFY
INFO FileSystemListener it.simonedegiacomi.sync.fs.MyFileSystemWatcher File modified files/prova
INFO FileSystemListener it.simonedegiacomi.sync.Sync new file modified files/prova
INFO pool-2-thread-2 it.simonedegiacomi.sync.WorkManager running work UPLOAD file: prova
WARN pool-2-thread-2 it.simonedegiacomi.sync.Employee java.lang.IndexOutOfBoundsException: Index: -1, Size: 0
java.lang.IndexOutOfBoundsException: Index: -1, Size: 0
	at java.util.LinkedList.checkElementIndex(LinkedList.java:555)
	at java.util.LinkedList.remove(LinkedList.java:525)
	at it.simonedegiacomi.goboxapi.GBFile.setPathByList(GBFile.java:481)
	at it.simonedegiacomi.goboxapi.GBFile.getFather(GBFile.java:262)
	at it.simonedegiacomi.storage.InternalClient.createDirectory(InternalClient.java:134)
	at it.simonedegiacomi.sync.Employee.upload(Employee.java:153)
	at it.simonedegiacomi.sync.Employee.submit(Employee.java:71)
	at it.simonedegiacomi.sync.WorkManager.lambda$addWork$4(WorkManager.java:66)
	at java.util.concurrent.Executors$RunnableAdapter.call(Executors.java:511)
	at java.util.concurrent.FutureTask.run(FutureTask.java:266)
	at java.util.concurrent.ThreadPoolExecutor.runWorker(ThreadPoolExecutor.java:1142)
	at java.util.concurrent.ThreadPoolExecutor$Worker.run(ThreadPoolExecutor.java:617)
	at java.lang.Thread.run(Thread.java:745)
WARN pool-2-thread-2 it.simonedegiacomi.sync.WorkManager work failed UPLOAD file: prova
INFO pool-2-thread-2 it.simonedegiacomi.sync.WorkManager work completed UPLOAD file: prova
INFO main it.simonedegiacomi.configuration.Config config saved
INFO main it.simonedegiacomi.configuration.Config config saved
INFO main it.simonedegiacomi.configuration.Config Property path not found, using default value: files/
WARN main it.simonedegiacomi.goboxclient.Main java.nio.file.NoSuchFileException: files
java.nio.file.NoSuchFileException: files
	at sun.nio.fs.UnixException.translateToIOException(UnixException.java:86)
	at sun.nio.fs.UnixException.rethrowAsIOException(UnixException.java:102)
	at sun.nio.fs.UnixException.rethrowAsIOException(UnixException.java:107)
	at sun.nio.fs.UnixFileAttributeViews$Basic.readAttributes(UnixFileAttributeViews.java:55)
	at sun.nio.fs.UnixFileSystemProvider.readAttributes(UnixFileSystemProvider.java:144)
	at sun.nio.fs.LinuxFileSystemProvider.readAttributes(LinuxFileSystemProvider.java:99)
	at java.nio.file.Files.readAttributes(Files.java:1737)
	at java.nio.file.FileTreeWalker.getAttributes(FileTreeWalker.java:219)
	at java.nio.file.FileTreeWalker.visit(FileTreeWalker.java:276)
	at java.nio.file.FileTreeWalker.walk(FileTreeWalker.java:322)
	at java.nio.file.Files.walkFileTree(Files.java:2662)
	at java.nio.file.Files.walkFileTree(Files.java:2742)
	at it.simonedegiacomi.sync.fs.JavaFileSystemWatcher.watch(JavaFileSystemWatcher.java:66)
	at it.simonedegiacomi.sync.fs.JavaFileSystemWatcher.<init>(JavaFileSystemWatcher.java:54)
	at it.simonedegiacomi.sync.fs.MyFileSystemWatcher.getDefault(MyFileSystemWatcher.java:20)
	at it.simonedegiacomi.goboxclient.Main.startStorageMode(Main.java:223)
	at it.simonedegiacomi.goboxclient.Main.afterLogin(Main.java:155)
	at it.simonedegiacomi.goboxclient.Main.main(Main.java:94)
INFO main it.simonedegiacomi.configuration.Config config saved
WARN main it.simonedegiacomi.goboxclient.Main java.nio.file.NoSuchFileException: files
java.nio.file.NoSuchFileException: files
	at sun.nio.fs.UnixException.translateToIOException(UnixException.java:86)
	at sun.nio.fs.UnixException.rethrowAsIOException(UnixException.java:102)
	at sun.nio.fs.UnixException.rethrowAsIOException(UnixException.java:107)
	at sun.nio.fs.UnixFileAttributeViews$Basic.readAttributes(UnixFileAttributeViews.java:55)
	at sun.nio.fs.UnixFileSystemProvider.readAttributes(UnixFileSystemProvider.java:144)
	at sun.nio.fs.LinuxFileSystemProvider.readAttributes(LinuxFileSystemProvider.java:99)
	at java.nio.file.Files.readAttributes(Files.java:1737)
	at java.nio.file.FileTreeWalker.getAttributes(FileTreeWalker.java:219)
	at java.nio.file.FileTreeWalker.visit(FileTreeWalker.java:276)
	at java.nio.file.FileTreeWalker.walk(FileTreeWalker.java:322)
	at java.nio.file.Files.walkFileTree(Files.java:2662)
	at java.nio.file.Files.walkFileTree(Files.java:2742)
	at it.simonedegiacomi.sync.fs.JavaFileSystemWatcher.watch(JavaFileSystemWatcher.java:66)
	at it.simonedegiacomi.sync.fs.JavaFileSystemWatcher.<init>(JavaFileSystemWatcher.java:54)
	at it.simonedegiacomi.sync.fs.MyFileSystemWatcher.getDefault(MyFileSystemWatcher.java:20)
	at it.simonedegiacomi.goboxclient.Main.startStorageMode(Main.java:223)
	at it.simonedegiacomi.goboxclient.Main.afterLogin(Main.java:155)
	at it.simonedegiacomi.goboxclient.Main.disconnected(Main.java:284)
	at it.simonedegiacomi.goboxclient.Main.startStorageMode(Main.java:258)
	at it.simonedegiacomi.goboxclient.Main.afterLogin(Main.java:155)
	at it.simonedegiacomi.goboxclient.Main.main(Main.java:94)
INFO main it.simonedegiacomi.configuration.Config config saved
INFO main it.simonedegiacomi.configuration.Config config saved
INFO main it.simonedegiacomi.sync.fs.MyFileSystemWatcher Start watching files
INFO main it.simonedegiacomi.configuration.Config Property database not found, using default value: ./config/db
INFO main com.j256.ormlite.table.TableUtils creating table 'file'
INFO main com.j256.ormlite.table.TableUtils executed create table statement changed 0 rows: CREATE TABLE IF NOT EXISTS `file` (`ID` BIGINT AUTO_INCREMENT , `father_ID` BIGINT NOT NULL , `is_directory` TINYINT(1) NOT NULL , `trashed` TINYINT(1) NOT NULL , `size` BIGINT , `name` VARCHAR(255) NOT NULL , `creation` BIGINT , `last_update` BIGINT , `mime` VARCHAR(255) , PRIMARY KEY (`ID`) ) 
INFO main com.j256.ormlite.table.TableUtils creating table 'event'
INFO main com.j256.ormlite.table.TableUtils executed create table statement changed 0 rows: CREATE TABLE IF NOT EXISTS `event` (`ID` BIGINT AUTO_INCREMENT , `kind` VARCHAR(100) NOT NULL , `file_id` BIGINT , `date` BIGINT , PRIMARY KEY (`ID`) ) 
INFO main com.j256.ormlite.table.TableUtils creating table 'sharing'
INFO main com.j256.ormlite.table.TableUtils executed create table statement changed 0 rows: CREATE TABLE IF NOT EXISTS `sharing` (`ID` BIGINT AUTO_INCREMENT , `file_id` BIGINT , PRIMARY KEY (`ID`) ) 
INFO main it.simonedegiacomi.configuration.Config Property directConnectionPort not found, using default value: 6522
INFO main it.simonedegiacomi.configuration.Config Property directConnectionListenAddress not found, using default value: 0.0.0.0
INFO main it.simonedegiacomi.configuration.Config Property keyStoreFile not found, using default value: keystore.ks
INFO main it.simonedegiacomi.storage.Storage GBComponents list loaded
INFO main it.simonedegiacomi.storage.Storage Analyzing component it.simonedegiacomi.storage.components.core.StorageToClient
INFO main it.simonedegiacomi.storage.Storage Found onBridgeDownloadRequest (query handler)
INFO main it.simonedegiacomi.storage.Storage Found onDirectDownloadRequest (http handler)
INFO main it.simonedegiacomi.storage.Storage Analyzing component it.simonedegiacomi.storage.components.core.ClientToStorage
INFO main it.simonedegiacomi.storage.Storage Found onBridgeUpload (query handler)
INFO main it.simonedegiacomi.storage.Storage Analyzing component it.simonedegiacomi.storage.components.core.FileInfo
INFO main it.simonedegiacomi.storage.Storage Found onFileInfoQuery (query handler)
INFO main it.simonedegiacomi.storage.Storage Analyzing component it.simonedegiacomi.storage.components.core.CreateFolder
INFO main it.simonedegiacomi.storage.Storage Found onQuery (query handler)
INFO main it.simonedegiacomi.storage.Storage Analyzing component it.simonedegiacomi.storage.components.core.Search
INFO main it.simonedegiacomi.storage.Storage Found onQuery (query handler)
INFO main it.simonedegiacomi.storage.Storage Analyzing component it.simonedegiacomi.storage.components.core.Recent
INFO main it.simonedegiacomi.storage.Storage Found onQuery (query handler)
INFO main it.simonedegiacomi.storage.Storage Analyzing component it.simonedegiacomi.storage.components.core.Share
INFO main it.simonedegiacomi.storage.Storage Found onShareQuery (query handler)
INFO main it.simonedegiacomi.storage.Storage Found onShareListQuery (query handler)
INFO main it.simonedegiacomi.storage.Storage Analyzing component it.simonedegiacomi.storage.components.core.Move
INFO main it.simonedegiacomi.storage.Storage Found onQuery (query handler)
INFO main it.simonedegiacomi.storage.Storage Analyzing component it.simonedegiacomi.storage.components.core.Ping
INFO main it.simonedegiacomi.storage.Storage Found onPingQuery (query handler)
INFO ReadingThread it.simonedegiacomi.goboxapi.myws.MyWSClient Websocket connection established
INFO main it.simonedegiacomi.storage.direct.HttpsStorageServer Starting server
INFO main it.simonedegiacomi.storage.direct.HttpsStorageServer Server started
INFO main it.simonedegiacomi.storage.Storage Storage started
INFO main it.simonedegiacomi.sync.Sync Start synchronization with storage
WARN pool-1-thread-1 it.simonedegiacomi.goboxapi.myws.MyWSClient Received unknown event: initialization
INFO main it.simonedegiacomi.sync.Sync sync completed
INFO Thread-7 it.simonedegiacomi.storage.direct.CorsHeadersMiddleware Adding cors headers
INFO pool-1-thread-1 it.simonedegiacomi.storage.components.GBComponent New file info query
INFO FileSystemListener it.simonedegiacomi.sync.fs.MyFileSystemWatcher Acquired new events: 1
INFO FileSystemListener it.simonedegiacomi.sync.fs.MyFileSystemWatcher Event ENTRY_CREATE
INFO FileSystemListener it.simonedegiacomi.sync.fs.MyFileSystemWatcher Start watching files/test
INFO FileSystemListener it.simonedegiacomi.sync.fs.MyFileSystemWatcher File created files/test
INFO FileSystemListener it.simonedegiacomi.sync.Sync new file created files/test
INFO pool-2-thread-1 it.simonedegiacomi.sync.WorkManager running work UPLOAD file: test
WARN pool-2-thread-1 it.simonedegiacomi.sync.Employee java.lang.IndexOutOfBoundsException: Index: -1, Size: 0
java.lang.IndexOutOfBoundsException: Index: -1, Size: 0
	at java.util.LinkedList.checkElementIndex(LinkedList.java:555)
	at java.util.LinkedList.remove(LinkedList.java:525)
	at it.simonedegiacomi.goboxapi.GBFile.setPathByList(GBFile.java:481)
	at it.simonedegiacomi.goboxapi.GBFile.getFather(GBFile.java:262)
	at it.simonedegiacomi.storage.InternalClient.createDirectory(InternalClient.java:134)
	at it.simonedegiacomi.sync.Employee.upload(Employee.java:153)
	at it.simonedegiacomi.sync.Employee.submit(Employee.java:71)
	at it.simonedegiacomi.sync.WorkManager.lambda$addWork$4(WorkManager.java:66)
	at java.util.concurrent.Executors$RunnableAdapter.call(Executors.java:511)
	at java.util.concurrent.FutureTask.run(FutureTask.java:266)
	at java.util.concurrent.ThreadPoolExecutor.runWorker(ThreadPoolExecutor.java:1142)
	at java.util.concurrent.ThreadPoolExecutor$Worker.run(ThreadPoolExecutor.java:617)
	at java.lang.Thread.run(Thread.java:745)
WARN pool-2-thread-1 it.simonedegiacomi.sync.WorkManager work failed UPLOAD file: test
INFO pool-2-thread-1 it.simonedegiacomi.sync.WorkManager work completed UPLOAD file: test
INFO FileSystemListener it.simonedegiacomi.sync.fs.MyFileSystemWatcher Acquired new events: 1
INFO FileSystemListener it.simonedegiacomi.sync.fs.MyFileSystemWatcher Event ENTRY_MODIFY
INFO FileSystemListener it.simonedegiacomi.sync.fs.MyFileSystemWatcher File modified files/test
INFO FileSystemListener it.simonedegiacomi.sync.Sync new file modified files/test
INFO pool-2-thread-2 it.simonedegiacomi.sync.WorkManager running work UPLOAD file: test
WARN pool-2-thread-2 it.simonedegiacomi.sync.Employee java.lang.IndexOutOfBoundsException: Index: -1, Size: 0
java.lang.IndexOutOfBoundsException: Index: -1, Size: 0
	at java.util.LinkedList.checkElementIndex(LinkedList.java:555)
	at java.util.LinkedList.remove(LinkedList.java:525)
	at it.simonedegiacomi.goboxapi.GBFile.setPathByList(GBFile.java:481)
	at it.simonedegiacomi.goboxapi.GBFile.getFather(GBFile.java:262)
	at it.simonedegiacomi.storage.InternalClient.createDirectory(InternalClient.java:134)
	at it.simonedegiacomi.sync.Employee.upload(Employee.java:153)
	at it.simonedegiacomi.sync.Employee.submit(Employee.java:71)
	at it.simonedegiacomi.sync.WorkManager.lambda$addWork$4(WorkManager.java:66)
	at java.util.concurrent.Executors$RunnableAdapter.call(Executors.java:511)
	at java.util.concurrent.FutureTask.run(FutureTask.java:266)
	at java.util.concurrent.ThreadPoolExecutor.runWorker(ThreadPoolExecutor.java:1142)
	at java.util.concurrent.ThreadPoolExecutor$Worker.run(ThreadPoolExecutor.java:617)
	at java.lang.Thread.run(Thread.java:745)
WARN pool-2-thread-2 it.simonedegiacomi.sync.WorkManager work failed UPLOAD file: test
INFO pool-2-thread-2 it.simonedegiacomi.sync.WorkManager work completed UPLOAD file: test
INFO main it.simonedegiacomi.configuration.Config config saved
INFO main it.simonedegiacomi.configuration.Config config saved
INFO main it.simonedegiacomi.sync.fs.MyFileSystemWatcher Start watching files
INFO main it.simonedegiacomi.configuration.Config Property database not found, using default value: ./config/db
INFO main com.j256.ormlite.table.TableUtils creating table 'file'
INFO main com.j256.ormlite.table.TableUtils executed create table statement changed 0 rows: CREATE TABLE IF NOT EXISTS `file` (`ID` BIGINT AUTO_INCREMENT , `father_ID` BIGINT NOT NULL , `is_directory` TINYINT(1) NOT NULL , `trashed` TINYINT(1) NOT NULL , `size` BIGINT , `name` VARCHAR(255) NOT NULL , `creation` BIGINT , `last_update` BIGINT , `mime` VARCHAR(255) , PRIMARY KEY (`ID`) ) 
INFO main com.j256.ormlite.table.TableUtils creating table 'event'
INFO main com.j256.ormlite.table.TableUtils executed create table statement changed 0 rows: CREATE TABLE IF NOT EXISTS `event` (`ID` BIGINT AUTO_INCREMENT , `kind` VARCHAR(100) NOT NULL , `file_id` BIGINT , `date` BIGINT , PRIMARY KEY (`ID`) ) 
INFO main com.j256.ormlite.table.TableUtils creating table 'sharing'
INFO main com.j256.ormlite.table.TableUtils executed create table statement changed 0 rows: CREATE TABLE IF NOT EXISTS `sharing` (`ID` BIGINT AUTO_INCREMENT , `file_id` BIGINT , PRIMARY KEY (`ID`) ) 
INFO main it.simonedegiacomi.configuration.Config Property directConnectionPort not found, using default value: 6522
INFO main it.simonedegiacomi.configuration.Config Property directConnectionListenAddress not found, using default value: 0.0.0.0
INFO main it.simonedegiacomi.configuration.Config Property keyStoreFile not found, using default value: keystore.ks
INFO main it.simonedegiacomi.storage.Storage GBComponents list loaded
INFO main it.simonedegiacomi.storage.Storage Analyzing component it.simonedegiacomi.storage.components.core.StorageToClient
INFO main it.simonedegiacomi.storage.Storage Found onBridgeDownloadRequest (query handler)
INFO main it.simonedegiacomi.storage.Storage Found onDirectDownloadRequest (http handler)
INFO main it.simonedegiacomi.storage.Storage Analyzing component it.simonedegiacomi.storage.components.core.ClientToStorage
INFO main it.simonedegiacomi.storage.Storage Found onBridgeUpload (query handler)
INFO main it.simonedegiacomi.storage.Storage Analyzing component it.simonedegiacomi.storage.components.core.FileInfo
INFO main it.simonedegiacomi.storage.Storage Found onFileInfoQuery (query handler)
INFO main it.simonedegiacomi.storage.Storage Analyzing component it.simonedegiacomi.storage.components.core.CreateFolder
INFO main it.simonedegiacomi.storage.Storage Found onQuery (query handler)
INFO main it.simonedegiacomi.storage.Storage Analyzing component it.simonedegiacomi.storage.components.core.Search
INFO main it.simonedegiacomi.storage.Storage Found onQuery (query handler)
INFO main it.simonedegiacomi.storage.Storage Analyzing component it.simonedegiacomi.storage.components.core.Recent
INFO main it.simonedegiacomi.storage.Storage Found onQuery (query handler)
INFO main it.simonedegiacomi.storage.Storage Analyzing component it.simonedegiacomi.storage.components.core.Share
INFO main it.simonedegiacomi.storage.Storage Found onShareListQuery (query handler)
INFO main it.simonedegiacomi.storage.Storage Found onShareQuery (query handler)
INFO main it.simonedegiacomi.storage.Storage Analyzing component it.simonedegiacomi.storage.components.core.Move
INFO main it.simonedegiacomi.storage.Storage Found onQuery (query handler)
INFO main it.simonedegiacomi.storage.Storage Analyzing component it.simonedegiacomi.storage.components.core.Ping
INFO main it.simonedegiacomi.storage.Storage Found onPingQuery (query handler)
INFO main it.simonedegiacomi.storage.direct.HttpsStorageServer Starting server
INFO ReadingThread it.simonedegiacomi.goboxapi.myws.MyWSClient Websocket connection established
INFO main it.simonedegiacomi.storage.direct.HttpsStorageServer Server started
INFO main it.simonedegiacomi.storage.Storage Storage started
INFO main it.simonedegiacomi.sync.Sync Start synchronization with storage
WARN pool-1-thread-1 it.simonedegiacomi.goboxapi.myws.MyWSClient Received unknown event: initialization
INFO main it.simonedegiacomi.sync.Sync sync completed
INFO Thread-7 it.simonedegiacomi.storage.direct.CorsHeadersMiddleware Adding cors headers
INFO pool-1-thread-1 it.simonedegiacomi.storage.components.GBComponent New file info query
INFO FileSystemListener it.simonedegiacomi.sync.fs.MyFileSystemWatcher Acquired new events: 1
INFO FileSystemListener it.simonedegiacomi.sync.fs.MyFileSystemWatcher Event ENTRY_CREATE
INFO FileSystemListener it.simonedegiacomi.sync.fs.MyFileSystemWatcher Event ENTRY_CREATE file files/test at 1464892019000
INFO FileSystemListener it.simonedegiacomi.sync.fs.MyFileSystemWatcher Start watching files/test
INFO FileSystemListener it.simonedegiacomi.sync.fs.MyFileSystemWatcher File created files/test
INFO FileSystemListener it.simonedegiacomi.sync.Sync new file created files/test
INFO pool-2-thread-1 it.simonedegiacomi.sync.WorkManager running work UPLOAD file: test
WARN pool-2-thread-1 it.simonedegiacomi.sync.Employee java.lang.IndexOutOfBoundsException: Index: -1, Size: 0
java.lang.IndexOutOfBoundsException: Index: -1, Size: 0
	at java.util.LinkedList.checkElementIndex(LinkedList.java:555)
	at java.util.LinkedList.remove(LinkedList.java:525)
	at it.simonedegiacomi.goboxapi.GBFile.setPathByList(GBFile.java:481)
	at it.simonedegiacomi.goboxapi.GBFile.getFather(GBFile.java:262)
	at it.simonedegiacomi.storage.InternalClient.createDirectory(InternalClient.java:134)
	at it.simonedegiacomi.sync.Employee.upload(Employee.java:153)
	at it.simonedegiacomi.sync.Employee.submit(Employee.java:71)
	at it.simonedegiacomi.sync.WorkManager.lambda$addWork$4(WorkManager.java:66)
	at java.util.concurrent.Executors$RunnableAdapter.call(Executors.java:511)
	at java.util.concurrent.FutureTask.run(FutureTask.java:266)
	at java.util.concurrent.ThreadPoolExecutor.runWorker(ThreadPoolExecutor.java:1142)
	at java.util.concurrent.ThreadPoolExecutor$Worker.run(ThreadPoolExecutor.java:617)
	at java.lang.Thread.run(Thread.java:745)
WARN pool-2-thread-1 it.simonedegiacomi.sync.WorkManager work failed UPLOAD file: test
INFO pool-2-thread-1 it.simonedegiacomi.sync.WorkManager work completed UPLOAD file: test
INFO FileSystemListener it.simonedegiacomi.sync.fs.MyFileSystemWatcher Acquired new events: 1
INFO FileSystemListener it.simonedegiacomi.sync.fs.MyFileSystemWatcher Event ENTRY_MODIFY
INFO FileSystemListener it.simonedegiacomi.sync.fs.MyFileSystemWatcher Event ENTRY_MODIFY file files/test at 1464892019000
INFO FileSystemListener it.simonedegiacomi.sync.fs.MyFileSystemWatcher File modified files/test
INFO FileSystemListener it.simonedegiacomi.sync.Sync new file modified files/test
INFO pool-2-thread-2 it.simonedegiacomi.sync.WorkManager running work UPLOAD file: test
WARN pool-2-thread-2 it.simonedegiacomi.sync.Employee java.lang.IndexOutOfBoundsException: Index: -1, Size: 0
java.lang.IndexOutOfBoundsException: Index: -1, Size: 0
	at java.util.LinkedList.checkElementIndex(LinkedList.java:555)
	at java.util.LinkedList.remove(LinkedList.java:525)
	at it.simonedegiacomi.goboxapi.GBFile.setPathByList(GBFile.java:481)
	at it.simonedegiacomi.goboxapi.GBFile.getFather(GBFile.java:262)
	at it.simonedegiacomi.storage.InternalClient.createDirectory(InternalClient.java:134)
	at it.simonedegiacomi.sync.Employee.upload(Employee.java:153)
	at it.simonedegiacomi.sync.Employee.submit(Employee.java:71)
	at it.simonedegiacomi.sync.WorkManager.lambda$addWork$4(WorkManager.java:66)
	at java.util.concurrent.Executors$RunnableAdapter.call(Executors.java:511)
	at java.util.concurrent.FutureTask.run(FutureTask.java:266)
	at java.util.concurrent.ThreadPoolExecutor.runWorker(ThreadPoolExecutor.java:1142)
	at java.util.concurrent.ThreadPoolExecutor$Worker.run(ThreadPoolExecutor.java:617)
	at java.lang.Thread.run(Thread.java:745)
WARN pool-2-thread-2 it.simonedegiacomi.sync.WorkManager work failed UPLOAD file: test
INFO pool-2-thread-2 it.simonedegiacomi.sync.WorkManager work completed UPLOAD file: test
INFO main it.simonedegiacomi.configuration.Config config saved
INFO main it.simonedegiacomi.configuration.Config config saved
INFO main it.simonedegiacomi.sync.fs.MyFileSystemWatcher Start watching files
INFO main it.simonedegiacomi.configuration.Config Property database not found, using default value: ./config/db
INFO main com.j256.ormlite.table.TableUtils creating table 'file'
INFO main com.j256.ormlite.table.TableUtils executed create table statement changed 0 rows: CREATE TABLE IF NOT EXISTS `file` (`ID` BIGINT AUTO_INCREMENT , `father_ID` BIGINT NOT NULL , `is_directory` TINYINT(1) NOT NULL , `trashed` TINYINT(1) NOT NULL , `size` BIGINT , `name` VARCHAR(255) NOT NULL , `creation` BIGINT , `last_update` BIGINT , `mime` VARCHAR(255) , PRIMARY KEY (`ID`) ) 
INFO main com.j256.ormlite.table.TableUtils creating table 'event'
INFO main com.j256.ormlite.table.TableUtils executed create table statement changed 0 rows: CREATE TABLE IF NOT EXISTS `event` (`ID` BIGINT AUTO_INCREMENT , `kind` VARCHAR(100) NOT NULL , `file_id` BIGINT , `date` BIGINT , PRIMARY KEY (`ID`) ) 
INFO main com.j256.ormlite.table.TableUtils creating table 'sharing'
INFO main com.j256.ormlite.table.TableUtils executed create table statement changed 0 rows: CREATE TABLE IF NOT EXISTS `sharing` (`ID` BIGINT AUTO_INCREMENT , `file_id` BIGINT , PRIMARY KEY (`ID`) ) 
INFO main it.simonedegiacomi.configuration.Config Property directConnectionPort not found, using default value: 6522
INFO main it.simonedegiacomi.configuration.Config Property directConnectionListenAddress not found, using default value: 0.0.0.0
INFO main it.simonedegiacomi.configuration.Config Property keyStoreFile not found, using default value: keystore.ks
INFO main it.simonedegiacomi.storage.Storage GBComponents list loaded
INFO main it.simonedegiacomi.storage.Storage Analyzing component it.simonedegiacomi.storage.components.core.StorageToClient
INFO main it.simonedegiacomi.storage.Storage Found onBridgeDownloadRequest (query handler)
INFO main it.simonedegiacomi.storage.Storage Found onDirectDownloadRequest (http handler)
INFO main it.simonedegiacomi.storage.Storage Analyzing component it.simonedegiacomi.storage.components.core.ClientToStorage
INFO main it.simonedegiacomi.storage.Storage Found onBridgeUpload (query handler)
INFO main it.simonedegiacomi.storage.Storage Analyzing component it.simonedegiacomi.storage.components.core.FileInfo
INFO main it.simonedegiacomi.storage.Storage Found onFileInfoQuery (query handler)
INFO main it.simonedegiacomi.storage.Storage Analyzing component it.simonedegiacomi.storage.components.core.CreateFolder
INFO main it.simonedegiacomi.storage.Storage Found onQuery (query handler)
INFO main it.simonedegiacomi.storage.Storage Analyzing component it.simonedegiacomi.storage.components.core.Search
INFO main it.simonedegiacomi.storage.Storage Found onQuery (query handler)
INFO main it.simonedegiacomi.storage.Storage Analyzing component it.simonedegiacomi.storage.components.core.Recent
INFO main it.simonedegiacomi.storage.Storage Found onQuery (query handler)
INFO main it.simonedegiacomi.storage.Storage Analyzing component it.simonedegiacomi.storage.components.core.Share
INFO main it.simonedegiacomi.storage.Storage Found onShareQuery (query handler)
INFO main it.simonedegiacomi.storage.Storage Found onShareListQuery (query handler)
INFO main it.simonedegiacomi.storage.Storage Analyzing component it.simonedegiacomi.storage.components.core.Move
INFO main it.simonedegiacomi.storage.Storage Found onQuery (query handler)
INFO main it.simonedegiacomi.storage.Storage Analyzing component it.simonedegiacomi.storage.components.core.Ping
INFO main it.simonedegiacomi.storage.Storage Found onPingQuery (query handler)
INFO main it.simonedegiacomi.storage.direct.HttpsStorageServer Starting server
INFO ReadingThread it.simonedegiacomi.goboxapi.myws.MyWSClient Websocket connection established
INFO main it.simonedegiacomi.storage.direct.HttpsStorageServer Server started
INFO main it.simonedegiacomi.storage.Storage Storage started
INFO main it.simonedegiacomi.sync.Sync Start synchronization with storage
WARN pool-1-thread-1 it.simonedegiacomi.goboxapi.myws.MyWSClient Received unknown event: initialization
INFO main it.simonedegiacomi.sync.Sync sync completed
INFO Thread-7 it.simonedegiacomi.storage.direct.CorsHeadersMiddleware Adding cors headers
INFO pool-1-thread-1 it.simonedegiacomi.storage.components.GBComponent New file info query
INFO FileSystemListener it.simonedegiacomi.sync.fs.MyFileSystemWatcher Acquired new events: 1
INFO FileSystemListener it.simonedegiacomi.sync.fs.MyFileSystemWatcher Event ENTRY_CREATE
INFO FileSystemListener it.simonedegiacomi.sync.fs.MyFileSystemWatcher Event ENTRY_CREATE file files/folder at 1464892296000
INFO FileSystemListener it.simonedegiacomi.sync.fs.MyFileSystemWatcher Start watching files/folder
INFO FileSystemListener it.simonedegiacomi.sync.fs.MyFileSystemWatcher File created files/folder
INFO FileSystemListener it.simonedegiacomi.sync.Sync new file created files/folder
INFO pool-2-thread-1 it.simonedegiacomi.sync.WorkManager running work UPLOAD file: folder
WARN pool-2-thread-1 it.simonedegiacomi.sync.Employee java.lang.IndexOutOfBoundsException: Index: -1, Size: 0
java.lang.IndexOutOfBoundsException: Index: -1, Size: 0
	at java.util.LinkedList.checkElementIndex(LinkedList.java:555)
	at java.util.LinkedList.remove(LinkedList.java:525)
	at it.simonedegiacomi.goboxapi.GBFile.setPathByList(GBFile.java:481)
	at it.simonedegiacomi.goboxapi.GBFile.getFather(GBFile.java:262)
	at it.simonedegiacomi.storage.InternalClient.createDirectory(InternalClient.java:134)
	at it.simonedegiacomi.sync.Employee.upload(Employee.java:153)
	at it.simonedegiacomi.sync.Employee.submit(Employee.java:71)
	at it.simonedegiacomi.sync.WorkManager.lambda$addWork$0(WorkManager.java:66)
	at java.util.concurrent.Executors$RunnableAdapter.call(Executors.java:511)
	at java.util.concurrent.FutureTask.run(FutureTask.java:266)
	at java.util.concurrent.ThreadPoolExecutor.runWorker(ThreadPoolExecutor.java:1142)
	at java.util.concurrent.ThreadPoolExecutor$Worker.run(ThreadPoolExecutor.java:617)
	at java.lang.Thread.run(Thread.java:745)
WARN pool-2-thread-1 it.simonedegiacomi.sync.WorkManager work failed UPLOAD file: folder
INFO pool-2-thread-1 it.simonedegiacomi.sync.WorkManager work completed UPLOAD file: folder
INFO FileSystemListener it.simonedegiacomi.sync.fs.MyFileSystemWatcher Acquired new events: 1
INFO FileSystemListener it.simonedegiacomi.sync.fs.MyFileSystemWatcher Event ENTRY_MODIFY
INFO FileSystemListener it.simonedegiacomi.sync.fs.MyFileSystemWatcher Event ENTRY_MODIFY file files/folder at 1464892296000
INFO FileSystemListener it.simonedegiacomi.sync.fs.MyFileSystemWatcher File modified files/folder
INFO FileSystemListener it.simonedegiacomi.sync.Sync new file modified files/folder
INFO pool-2-thread-2 it.simonedegiacomi.sync.WorkManager running work UPLOAD file: folder
INFO pool-2-thread-2 it.simonedegiacomi.storage.EventEmitter emit new event it.simonedegiacomi.goboxapi.client.SyncEvent@14ea0a13
INFO pool-2-thread-2 it.simonedegiacomi.goboxapi.myws.MyWSClient New broadcast message sent
INFO pool-2-thread-2 it.simonedegiacomi.sync.WorkManager work completed UPLOAD file: folder
INFO pool-1-thread-2 it.simonedegiacomi.storage.components.GBComponent New file info query
INFO main it.simonedegiacomi.configuration.Config config saved
INFO main it.simonedegiacomi.configuration.Config config saved
INFO main it.simonedegiacomi.sync.fs.MyFileSystemWatcher Start watching files
INFO main it.simonedegiacomi.sync.fs.MyFileSystemWatcher Start watching files/folder
INFO main it.simonedegiacomi.configuration.Config Property database not found, using default value: ./config/db
INFO main com.j256.ormlite.table.TableUtils creating table 'file'
INFO main com.j256.ormlite.table.TableUtils executed create table statement changed 0 rows: CREATE TABLE IF NOT EXISTS `file` (`ID` BIGINT AUTO_INCREMENT , `father_ID` BIGINT NOT NULL , `is_directory` TINYINT(1) NOT NULL , `trashed` TINYINT(1) NOT NULL , `size` BIGINT , `name` VARCHAR(255) NOT NULL , `creation` BIGINT , `last_update` BIGINT , `mime` VARCHAR(255) , PRIMARY KEY (`ID`) ) 
INFO main com.j256.ormlite.table.TableUtils creating table 'event'
INFO main com.j256.ormlite.table.TableUtils executed create table statement changed 0 rows: CREATE TABLE IF NOT EXISTS `event` (`ID` BIGINT AUTO_INCREMENT , `kind` VARCHAR(100) NOT NULL , `file_id` BIGINT , `date` BIGINT , PRIMARY KEY (`ID`) ) 
INFO main com.j256.ormlite.table.TableUtils creating table 'sharing'
INFO main com.j256.ormlite.table.TableUtils executed create table statement changed 0 rows: CREATE TABLE IF NOT EXISTS `sharing` (`ID` BIGINT AUTO_INCREMENT , `file_id` BIGINT , PRIMARY KEY (`ID`) ) 
INFO main it.simonedegiacomi.configuration.Config Property directConnectionPort not found, using default value: 6522
INFO main it.simonedegiacomi.configuration.Config Property directConnectionListenAddress not found, using default value: 0.0.0.0
INFO main it.simonedegiacomi.configuration.Config Property keyStoreFile not found, using default value: keystore.ks
INFO main it.simonedegiacomi.storage.Storage GBComponents list loaded
INFO main it.simonedegiacomi.storage.Storage Analyzing component it.simonedegiacomi.storage.components.core.StorageToClient
INFO main it.simonedegiacomi.storage.Storage Found onBridgeDownloadRequest (query handler)
INFO main it.simonedegiacomi.storage.Storage Found onDirectDownloadRequest (http handler)
INFO main it.simonedegiacomi.storage.Storage Analyzing component it.simonedegiacomi.storage.components.core.ClientToStorage
INFO main it.simonedegiacomi.storage.Storage Found onBridgeUpload (query handler)
INFO main it.simonedegiacomi.storage.Storage Analyzing component it.simonedegiacomi.storage.components.core.FileInfo
INFO main it.simonedegiacomi.storage.Storage Found onFileInfoQuery (query handler)
INFO main it.simonedegiacomi.storage.Storage Analyzing component it.simonedegiacomi.storage.components.core.CreateFolder
INFO main it.simonedegiacomi.storage.Storage Found onQuery (query handler)
INFO main it.simonedegiacomi.storage.Storage Analyzing component it.simonedegiacomi.storage.components.core.Search
INFO main it.simonedegiacomi.storage.Storage Found onQuery (query handler)
INFO main it.simonedegiacomi.storage.Storage Analyzing component it.simonedegiacomi.storage.components.core.Recent
INFO main it.simonedegiacomi.storage.Storage Found onQuery (query handler)
INFO main it.simonedegiacomi.storage.Storage Analyzing component it.simonedegiacomi.storage.components.core.Share
INFO main it.simonedegiacomi.storage.Storage Found onShareQuery (query handler)
INFO main it.simonedegiacomi.storage.Storage Found onShareListQuery (query handler)
INFO main it.simonedegiacomi.storage.Storage Analyzing component it.simonedegiacomi.storage.components.core.Move
INFO main it.simonedegiacomi.storage.Storage Found onQuery (query handler)
INFO main it.simonedegiacomi.storage.Storage Analyzing component it.simonedegiacomi.storage.components.core.Ping
INFO main it.simonedegiacomi.storage.Storage Found onPingQuery (query handler)
INFO main it.simonedegiacomi.storage.direct.HttpsStorageServer Starting server
INFO ReadingThread it.simonedegiacomi.goboxapi.myws.MyWSClient Websocket connection established
INFO main it.simonedegiacomi.storage.direct.HttpsStorageServer Server started
INFO main it.simonedegiacomi.storage.Storage Storage started
INFO main it.simonedegiacomi.sync.Sync Start synchronization with storage
WARN pool-1-thread-1 it.simonedegiacomi.goboxapi.myws.MyWSClient Received unknown event: initialization
INFO main it.simonedegiacomi.sync.Sync sync completed
INFO Thread-6 it.simonedegiacomi.storage.direct.CorsHeadersMiddleware Adding cors headers
INFO pool-1-thread-1 it.simonedegiacomi.storage.components.GBComponent New file info query
INFO pool-1-thread-2 it.simonedegiacomi.storage.components.GBComponent New file info query
INFO FileSystemListener it.simonedegiacomi.sync.fs.MyFileSystemWatcher Acquired new events: 1
INFO FileSystemListener it.simonedegiacomi.sync.fs.MyFileSystemWatcher Event ENTRY_CREATE
INFO FileSystemListener it.simonedegiacomi.sync.fs.MyFileSystemWatcher Event ENTRY_CREATE file files/cartella at 1464892701000
INFO FileSystemListener it.simonedegiacomi.sync.fs.MyFileSystemWatcher Start watching files/cartella
INFO FileSystemListener it.simonedegiacomi.sync.fs.MyFileSystemWatcher File created files/cartella
INFO FileSystemListener it.simonedegiacomi.sync.Sync new file created files/cartella
INFO pool-2-thread-1 it.simonedegiacomi.sync.WorkManager running work UPLOAD file: cartella
WARN pool-2-thread-1 it.simonedegiacomi.sync.Employee java.lang.IndexOutOfBoundsException: Index: -1, Size: 0
java.lang.IndexOutOfBoundsException: Index: -1, Size: 0
	at java.util.LinkedList.checkElementIndex(LinkedList.java:555)
	at java.util.LinkedList.remove(LinkedList.java:525)
	at it.simonedegiacomi.goboxapi.GBFile.setPathByList(GBFile.java:481)
	at it.simonedegiacomi.goboxapi.GBFile.getFather(GBFile.java:262)
	at it.simonedegiacomi.storage.InternalClient.createDirectory(InternalClient.java:134)
	at it.simonedegiacomi.sync.Employee.upload(Employee.java:153)
	at it.simonedegiacomi.sync.Employee.submit(Employee.java:71)
	at it.simonedegiacomi.sync.WorkManager.lambda$addWork$0(WorkManager.java:66)
	at java.util.concurrent.Executors$RunnableAdapter.call(Executors.java:511)
	at java.util.concurrent.FutureTask.run(FutureTask.java:266)
	at java.util.concurrent.ThreadPoolExecutor.runWorker(ThreadPoolExecutor.java:1142)
	at java.util.concurrent.ThreadPoolExecutor$Worker.run(ThreadPoolExecutor.java:617)
	at java.lang.Thread.run(Thread.java:745)
WARN pool-2-thread-1 it.simonedegiacomi.sync.WorkManager work failed UPLOAD file: cartella
INFO pool-2-thread-1 it.simonedegiacomi.sync.WorkManager work completed UPLOAD file: cartella
INFO pool-1-thread-1 it.simonedegiacomi.storage.components.core.CreateFolder CreateFolder query
WARN pool-1-thread-1 it.simonedegiacomi.storage.Storage GBComponent method invocation exception
java.lang.reflect.InvocationTargetException
	at sun.reflect.NativeMethodAccessorImpl.invoke0(Native Method)
	at sun.reflect.NativeMethodAccessorImpl.invoke(NativeMethodAccessorImpl.java:62)
	at sun.reflect.DelegatingMethodAccessorImpl.invoke(DelegatingMethodAccessorImpl.java:43)
	at java.lang.reflect.Method.invoke(Method.java:497)
	at it.simonedegiacomi.storage.Storage.lambda$loadComponents$2(Storage.java:223)
	at it.simonedegiacomi.goboxapi.myws.MyWSClient$1$1.run(MyWSClient.java:171)
	at java.util.concurrent.Executors$RunnableAdapter.call(Executors.java:511)
	at java.util.concurrent.FutureTask.run(FutureTask.java:266)
	at java.util.concurrent.ThreadPoolExecutor.runWorker(ThreadPoolExecutor.java:1142)
	at java.util.concurrent.ThreadPoolExecutor$Worker.run(ThreadPoolExecutor.java:617)
	at java.lang.Thread.run(Thread.java:745)
Caused by: java.lang.IndexOutOfBoundsException: Index: -1, Size: 0
	at java.util.LinkedList.checkElementIndex(LinkedList.java:555)
	at java.util.LinkedList.remove(LinkedList.java:525)
	at it.simonedegiacomi.goboxapi.GBFile.setPathByList(GBFile.java:481)
	at it.simonedegiacomi.goboxapi.GBFile.getFather(GBFile.java:262)
	at it.simonedegiacomi.storage.components.core.CreateFolder.onQuery(CreateFolder.java:100)
	... 11 more
INFO pool-1-thread-2 it.simonedegiacomi.storage.components.GBComponent New file info query
INFO pool-1-thread-1 it.simonedegiacomi.storage.components.core.CreateFolder CreateFolder query
WARN pool-1-thread-1 it.simonedegiacomi.storage.Storage GBComponent method invocation exception
java.lang.reflect.InvocationTargetException
	at sun.reflect.NativeMethodAccessorImpl.invoke0(Native Method)
	at sun.reflect.NativeMethodAccessorImpl.invoke(NativeMethodAccessorImpl.java:62)
	at sun.reflect.DelegatingMethodAccessorImpl.invoke(DelegatingMethodAccessorImpl.java:43)
	at java.lang.reflect.Method.invoke(Method.java:497)
	at it.simonedegiacomi.storage.Storage.lambda$loadComponents$2(Storage.java:223)
	at it.simonedegiacomi.goboxapi.myws.MyWSClient$1$1.run(MyWSClient.java:171)
	at java.util.concurrent.Executors$RunnableAdapter.call(Executors.java:511)
	at java.util.concurrent.FutureTask.run(FutureTask.java:266)
	at java.util.concurrent.ThreadPoolExecutor.runWorker(ThreadPoolExecutor.java:1142)
	at java.util.concurrent.ThreadPoolExecutor$Worker.run(ThreadPoolExecutor.java:617)
	at java.lang.Thread.run(Thread.java:745)
Caused by: java.lang.IndexOutOfBoundsException: Index: -1, Size: 0
	at java.util.LinkedList.checkElementIndex(LinkedList.java:555)
	at java.util.LinkedList.remove(LinkedList.java:525)
	at it.simonedegiacomi.goboxapi.GBFile.setPathByList(GBFile.java:481)
	at it.simonedegiacomi.goboxapi.GBFile.getFather(GBFile.java:262)
	at it.simonedegiacomi.storage.components.core.CreateFolder.onQuery(CreateFolder.java:100)
	... 11 more
