INFO pool-2-thread-1 it.simonedegiacomi.sync.WorkManager running work DOWNLOAD file: untitled folder 4
INFO main it.simonedegiacomi.sync.Sync sync completed
INFO pool-2-thread-2 it.simonedegiacomi.goboxapi.myws.MyWSClient New broadcast message sent
INFO pool-2-thread-2 it.simonedegiacomi.sync.WorkManager work completed UPLOAD file: why
INFO pool-2-thread-1 it.simonedegiacomi.sync.WorkManager work completed DOWNLOAD file: untitled folder 4
INFO FileSystemListener it.simonedegiacomi.sync.fs.MyFileSystemWatcher Acquired new events: 1
INFO FileSystemListener it.simonedegiacomi.sync.fs.MyFileSystemWatcher Event ENTRY_CREATE
INFO FileSystemListener it.simonedegiacomi.sync.fs.MyFileSystemWatcher Event ENTRY_CREATE file files/untitled folder 4 at 1465125961000
INFO FileSystemListener it.simonedegiacomi.sync.fs.MyFileSystemWatcher Start watching files/untitled folder 4
INFO FileSystemListener it.simonedegiacomi.sync.fs.MyFileSystemWatcher Event ENTRY_CREATE on files/untitled folder 4 ignored
INFO Thread-6 it.simonedegiacomi.storage.direct.CorsHeadersMiddleware Adding cors headers
INFO pool-1-thread-1 it.simonedegiacomi.storage.components.GBComponent New file info query
INFO pool-1-thread-2 it.simonedegiacomi.storage.components.GBComponent New file info query
INFO pool-1-thread-1 it.simonedegiacomi.storage.components.GBComponent New file info query
INFO pool-1-thread-2 it.simonedegiacomi.storage.components.GBComponent New file info query
INFO pool-1-thread-1 it.simonedegiacomi.storage.components.GBComponent New file info query
INFO pool-1-thread-2 it.simonedegiacomi.storage.components.GBComponent New file info query
INFO pool-1-thread-1 it.simonedegiacomi.storage.components.GBComponent New file info query
INFO pool-1-thread-2 it.simonedegiacomi.storage.components.GBComponent New file info query
INFO pool-1-thread-1 it.simonedegiacomi.storage.components.GBComponent New file info query
INFO pool-1-thread-2 it.simonedegiacomi.storage.components.GBComponent New file info query
INFO pool-1-thread-1 it.simonedegiacomi.storage.components.GBComponent New file info query
INFO pool-1-thread-2 it.simonedegiacomi.storage.components.GBComponent New file info query
INFO pool-1-thread-1 it.simonedegiacomi.storage.components.GBComponent New file info query
INFO pool-1-thread-2 it.simonedegiacomi.storage.components.GBComponent New file info query
INFO pool-1-thread-1 it.simonedegiacomi.storage.components.GBComponent New file info query
INFO pool-1-thread-2 it.simonedegiacomi.storage.components.GBComponent New file info query
INFO pool-1-thread-1 it.simonedegiacomi.storage.components.GBComponent New file info query
INFO pool-1-thread-2 it.simonedegiacomi.storage.components.GBComponent New file info query
INFO pool-1-thread-1 it.simonedegiacomi.storage.components.GBComponent New file info query
INFO FileSystemListener it.simonedegiacomi.sync.fs.MyFileSystemWatcher Acquired new events: 2
INFO FileSystemListener it.simonedegiacomi.sync.fs.MyFileSystemWatcher Event ENTRY_MODIFY
INFO FileSystemListener it.simonedegiacomi.sync.fs.MyFileSystemWatcher Event ENTRY_CREATE
INFO FileSystemListener it.simonedegiacomi.sync.fs.MyFileSystemWatcher Event ENTRY_MODIFY file files/.DS_Store at 1465125976000
INFO FileSystemListener it.simonedegiacomi.sync.fs.MyFileSystemWatcher File modified files/.DS_Store
INFO FileSystemListener it.simonedegiacomi.sync.Sync new file modified files/.DS_Store
INFO FileSystemListener it.simonedegiacomi.sync.fs.MyFileSystemWatcher Event ENTRY_CREATE file files/untitled folder 5 at 1465125976000
INFO pool-2-thread-4 it.simonedegiacomi.sync.WorkManager running work UPLOAD file: .DS_Store
INFO FileSystemListener it.simonedegiacomi.sync.fs.MyFileSystemWatcher Start watching files/untitled folder 5
INFO FileSystemListener it.simonedegiacomi.sync.fs.MyFileSystemWatcher File created files/untitled folder 5
INFO FileSystemListener it.simonedegiacomi.sync.Sync new file created files/untitled folder 5
INFO pool-2-thread-3 it.simonedegiacomi.sync.WorkManager running work UPLOAD file: untitled folder 5
INFO pool-2-thread-3 it.simonedegiacomi.storage.EventEmitter emit new event it.simonedegiacomi.goboxapi.client.SyncEvent@4d5bff4a
INFO pool-2-thread-3 it.simonedegiacomi.goboxapi.myws.MyWSClient New broadcast message sent
INFO pool-2-thread-3 it.simonedegiacomi.sync.WorkManager work completed UPLOAD file: untitled folder 5
INFO pool-2-thread-4 it.simonedegiacomi.storage.EventEmitter emit new event it.simonedegiacomi.goboxapi.client.SyncEvent@14a0d300
INFO pool-2-thread-4 it.simonedegiacomi.goboxapi.myws.MyWSClient New broadcast message sent
INFO pool-2-thread-4 it.simonedegiacomi.sync.WorkManager work completed UPLOAD file: .DS_Store
INFO pool-1-thread-2 it.simonedegiacomi.storage.components.GBComponent New file info query
INFO Thread-6 it.simonedegiacomi.storage.direct.CorsHeadersMiddleware Adding cors headers
INFO Thread-6 it.simonedegiacomi.storage.direct.AuthMiddleware Analyzing request
INFO Thread-6 it.simonedegiacomi.storage.direct.AuthMiddleware Request authorized
INFO Thread-6 it.simonedegiacomi.storage.components.core.StorageToClient New direct download request
INFO Thread-6 it.simonedegiacomi.storage.components.core.StorageToClient File send to the client
INFO FileSystemListener it.simonedegiacomi.sync.fs.MyFileSystemWatcher Acquired new events: 1
INFO FileSystemListener it.simonedegiacomi.sync.fs.MyFileSystemWatcher Event ENTRY_MODIFY
INFO FileSystemListener it.simonedegiacomi.sync.fs.MyFileSystemWatcher Event ENTRY_MODIFY file files/.DS_Store at 1465125981000
INFO FileSystemListener it.simonedegiacomi.sync.fs.MyFileSystemWatcher File modified files/.DS_Store
INFO FileSystemListener it.simonedegiacomi.sync.Sync new file modified files/.DS_Store
INFO pool-2-thread-2 it.simonedegiacomi.sync.WorkManager running work UPLOAD file: .DS_Store
INFO pool-2-thread-2 it.simonedegiacomi.storage.EventEmitter emit new event it.simonedegiacomi.goboxapi.client.SyncEvent@8fcc8aa
INFO pool-2-thread-2 it.simonedegiacomi.goboxapi.myws.MyWSClient New broadcast message sent
INFO pool-2-thread-2 it.simonedegiacomi.sync.WorkManager work completed UPLOAD file: .DS_Store
INFO Thread-6 it.simonedegiacomi.storage.direct.CorsHeadersMiddleware Adding cors headers
INFO Thread-6 it.simonedegiacomi.storage.direct.AuthMiddleware Analyzing request
INFO Thread-6 it.simonedegiacomi.storage.direct.AuthMiddleware Request authorized
INFO Thread-6 it.simonedegiacomi.storage.components.core.StorageToClient New direct download request
INFO Thread-6 it.simonedegiacomi.storage.components.core.StorageToClient File send to the client
INFO FileSystemListener it.simonedegiacomi.sync.fs.MyFileSystemWatcher Acquired new events: 2
INFO FileSystemListener it.simonedegiacomi.sync.fs.MyFileSystemWatcher Event ENTRY_DELETE
INFO FileSystemListener it.simonedegiacomi.sync.fs.MyFileSystemWatcher Event ENTRY_CREATE
INFO FileSystemListener it.simonedegiacomi.sync.fs.MyFileSystemWatcher Event ENTRY_DELETE file files/untitled folder 5 at 0
INFO FileSystemListener it.simonedegiacomi.sync.fs.MyFileSystemWatcher Deleted event files/untitled folder 5
INFO FileSystemListener it.simonedegiacomi.sync.fs.MyFileSystemWatcher Event ENTRY_CREATE file files/awawaa at 1465125976000
INFO main it.simonedegiacomi.configuration.Config config saved
INFO main it.simonedegiacomi.configuration.Config config saved
INFO main it.simonedegiacomi.sync.fs.MyFileSystemWatcher Start watching files
INFO main com.j256.ormlite.table.TableUtils creating table 'file'
INFO main com.j256.ormlite.table.TableUtils executed create table statement changed 0 rows: CREATE TABLE IF NOT EXISTS `file` (`ID` BIGINT AUTO_INCREMENT , `father_ID` BIGINT NOT NULL , `is_directory` TINYINT(1) NOT NULL , `trashed` TINYINT(1) NOT NULL , `size` BIGINT , `name` VARCHAR(255) NOT NULL , `creation` BIGINT , `last_update` BIGINT , `mime` VARCHAR(255) , PRIMARY KEY (`ID`) ) 
INFO main com.j256.ormlite.table.TableUtils creating table 'event'
INFO main com.j256.ormlite.table.TableUtils executed create table statement changed 0 rows: CREATE TABLE IF NOT EXISTS `event` (`ID` BIGINT AUTO_INCREMENT , `kind` VARCHAR(100) NOT NULL , `file_id` BIGINT , `date` BIGINT , PRIMARY KEY (`ID`) ) 
INFO main com.j256.ormlite.table.TableUtils creating table 'sharing'
INFO main com.j256.ormlite.table.TableUtils executed create table statement changed 0 rows: CREATE TABLE IF NOT EXISTS `sharing` (`ID` BIGINT AUTO_INCREMENT , `file_id` BIGINT , PRIMARY KEY (`ID`) ) 
INFO main it.simonedegiacomi.configuration.Config Property directConnectionPort not found, using default value: 6522
INFO main it.simonedegiacomi.configuration.Config Property directConnectionListenAddress not found, using default value: 0.0.0.0
INFO main it.simonedegiacomi.configuration.Config Property keyStoreFile not found, using default value: keystore.ks
INFO main it.simonedegiacomi.storage.Storage GBComponents list loaded
INFO main it.simonedegiacomi.storage.Storage Analyzing component it.simonedegiacomi.storage.components.core.StorageToClient
INFO main it.simonedegiacomi.storage.Storage Found onDirectDownloadRequest (http handler)
INFO main it.simonedegiacomi.storage.Storage Found onBridgeDownloadRequest (query handler)
INFO main it.simonedegiacomi.storage.Storage Analyzing component it.simonedegiacomi.storage.components.core.ClientToStorage
INFO main it.simonedegiacomi.storage.Storage Found onBridgeUpload (query handler)
INFO main it.simonedegiacomi.storage.Storage Analyzing component it.simonedegiacomi.storage.components.core.FileInfo
INFO main it.simonedegiacomi.storage.Storage Found onFileInfoQuery (query handler)
INFO main it.simonedegiacomi.storage.Storage Analyzing component it.simonedegiacomi.storage.components.core.CreateFolder
INFO main it.simonedegiacomi.storage.Storage Found onQuery (query handler)
INFO main it.simonedegiacomi.storage.Storage Analyzing component it.simonedegiacomi.storage.components.core.Search
INFO main it.simonedegiacomi.storage.Storage Found onQuery (query handler)
INFO main it.simonedegiacomi.storage.Storage Analyzing component it.simonedegiacomi.storage.components.core.Recent
INFO main it.simonedegiacomi.storage.Storage Found onQuery (query handler)
INFO main it.simonedegiacomi.storage.Storage Analyzing component it.simonedegiacomi.storage.components.core.Share
INFO main it.simonedegiacomi.storage.Storage Found onShareQuery (query handler)
INFO main it.simonedegiacomi.storage.Storage Found onShareListQuery (query handler)
INFO main it.simonedegiacomi.storage.Storage Analyzing component it.simonedegiacomi.storage.components.core.Move
INFO main it.simonedegiacomi.storage.Storage Found onQuery (query handler)
INFO main it.simonedegiacomi.storage.Storage Analyzing component it.simonedegiacomi.storage.components.core.Ping
INFO main it.simonedegiacomi.storage.Storage Found onPingQuery (query handler)
INFO main it.simonedegiacomi.storage.Storage Analyzing component it.simonedegiacomi.storage.components.core.Trash
INFO main it.simonedegiacomi.storage.Storage Found onQuery (query handler)
INFO main it.simonedegiacomi.storage.Storage Found onTrashQuery (query handler)
INFO main it.simonedegiacomi.storage.Storage Found onTrashedFilesListQuery (query handler)
INFO main it.simonedegiacomi.storage.Storage Found onRemoveQuery (query handler)
INFO main it.simonedegiacomi.configuration.Config Property trash not found, using default value: trash/
INFO main it.simonedegiacomi.storage.direct.HttpsStorageServer Starting server
INFO ReadingThread it.simonedegiacomi.goboxapi.myws.MyWSClient Websocket connection established
INFO main it.simonedegiacomi.storage.direct.HttpsStorageServer Server started
INFO main it.simonedegiacomi.storage.Storage Storage started
INFO main it.simonedegiacomi.sync.Sync Start synchronization with storage
WARN pool-1-thread-1 it.simonedegiacomi.goboxapi.myws.MyWSClient Received unknown event: initialization
INFO main it.simonedegiacomi.sync.Sync sync completed
INFO pool-2-thread-1 it.simonedegiacomi.sync.WorkManager running work UPLOAD file: .DS_Store
INFO pool-2-thread-1 it.simonedegiacomi.storage.EventEmitter emit new event it.simonedegiacomi.goboxapi.client.SyncEvent@41dc4df9
INFO pool-2-thread-1 it.simonedegiacomi.goboxapi.myws.MyWSClient New broadcast message sent
INFO pool-2-thread-1 it.simonedegiacomi.sync.WorkManager work completed UPLOAD file: .DS_Store
INFO Thread-6 it.simonedegiacomi.storage.direct.CorsHeadersMiddleware Adding cors headers
INFO pool-1-thread-1 it.simonedegiacomi.storage.components.GBComponent New file info query
INFO pool-1-thread-2 it.simonedegiacomi.storage.components.GBComponent New file info query
INFO Thread-6 it.simonedegiacomi.storage.direct.CorsHeadersMiddleware Adding cors headers
INFO Thread-6 it.simonedegiacomi.storage.direct.AuthMiddleware Analyzing request
INFO Thread-6 it.simonedegiacomi.storage.direct.AuthMiddleware Request authorized
INFO Thread-6 it.simonedegiacomi.storage.components.core.StorageToClient New direct download request
INFO Thread-6 it.simonedegiacomi.storage.components.core.StorageToClient File send to the client
INFO FileSystemListener it.simonedegiacomi.sync.fs.MyFileSystemWatcher Acquired new events: 2
INFO FileSystemListener it.simonedegiacomi.sync.fs.MyFileSystemWatcher Event ENTRY_MODIFY
INFO FileSystemListener it.simonedegiacomi.sync.fs.MyFileSystemWatcher Event ENTRY_CREATE
INFO FileSystemListener it.simonedegiacomi.sync.fs.MyFileSystemWatcher Event ENTRY_MODIFY file files/.DS_Store at 1465126091000
INFO FileSystemListener it.simonedegiacomi.sync.fs.MyFileSystemWatcher File modified files/.DS_Store
INFO FileSystemListener it.simonedegiacomi.sync.Sync new file modified files/.DS_Store
INFO FileSystemListener it.simonedegiacomi.sync.fs.MyFileSystemWatcher Event ENTRY_CREATE file files/untitled folder at 1465126091000
INFO pool-2-thread-2 it.simonedegiacomi.sync.WorkManager running work UPLOAD file: .DS_Store
INFO FileSystemListener it.simonedegiacomi.sync.fs.MyFileSystemWatcher Start watching files/untitled folder
INFO FileSystemListener it.simonedegiacomi.sync.fs.MyFileSystemWatcher File created files/untitled folder
INFO FileSystemListener it.simonedegiacomi.sync.Sync new file created files/untitled folder
INFO pool-2-thread-3 it.simonedegiacomi.sync.WorkManager running work UPLOAD file: untitled folder
INFO pool-2-thread-3 it.simonedegiacomi.storage.EventEmitter emit new event it.simonedegiacomi.goboxapi.client.SyncEvent@370b00d6
INFO pool-2-thread-3 it.simonedegiacomi.goboxapi.myws.MyWSClient New broadcast message sent
INFO pool-2-thread-3 it.simonedegiacomi.sync.WorkManager work completed UPLOAD file: untitled folder
INFO pool-2-thread-2 it.simonedegiacomi.storage.EventEmitter emit new event it.simonedegiacomi.goboxapi.client.SyncEvent@6e010e72
INFO pool-2-thread-2 it.simonedegiacomi.goboxapi.myws.MyWSClient New broadcast message sent
INFO pool-2-thread-2 it.simonedegiacomi.sync.WorkManager work completed UPLOAD file: .DS_Store
INFO pool-1-thread-1 it.simonedegiacomi.storage.components.GBComponent New file info query
INFO Thread-6 it.simonedegiacomi.storage.direct.CorsHeadersMiddleware Adding cors headers
INFO Thread-6 it.simonedegiacomi.storage.direct.AuthMiddleware Analyzing request
INFO Thread-6 it.simonedegiacomi.storage.direct.AuthMiddleware Request authorized
INFO Thread-6 it.simonedegiacomi.storage.components.core.StorageToClient New direct download request
INFO Thread-6 it.simonedegiacomi.storage.components.core.StorageToClient File send to the client
INFO FileSystemListener it.simonedegiacomi.sync.fs.MyFileSystemWatcher Acquired new events: 3
INFO FileSystemListener it.simonedegiacomi.sync.fs.MyFileSystemWatcher Event ENTRY_DELETE
INFO FileSystemListener it.simonedegiacomi.sync.fs.MyFileSystemWatcher Event ENTRY_MODIFY
INFO FileSystemListener it.simonedegiacomi.sync.fs.MyFileSystemWatcher Event ENTRY_CREATE
INFO FileSystemListener it.simonedegiacomi.sync.fs.MyFileSystemWatcher Event ENTRY_DELETE file files/untitled folder at 0
INFO FileSystemListener it.simonedegiacomi.sync.fs.MyFileSystemWatcher Deleted event files/untitled folder
INFO FileSystemListener it.simonedegiacomi.sync.fs.MyFileSystemWatcher Event ENTRY_MODIFY file files/.DS_Store at 1465126096000
INFO FileSystemListener it.simonedegiacomi.sync.fs.MyFileSystemWatcher File modified files/.DS_Store
INFO FileSystemListener it.simonedegiacomi.sync.Sync new file modified files/.DS_Store
INFO FileSystemListener it.simonedegiacomi.sync.fs.MyFileSystemWatcher Event ENTRY_CREATE file files/ok at 1465126091000
INFO pool-2-thread-4 it.simonedegiacomi.sync.WorkManager running work UPLOAD file: .DS_Store
INFO FileSystemListener it.simonedegiacomi.sync.fs.MyFileSystemWatcher Start watching files/ok
INFO FileSystemListener it.simonedegiacomi.sync.fs.MyFileSystemWatcher File created files/ok
INFO FileSystemListener it.simonedegiacomi.sync.Sync new file created files/ok
INFO FileSystemListener it.simonedegiacomi.sync.fs.MyFileSystemWatcher Acquired new events: 0
INFO pool-2-thread-1 it.simonedegiacomi.sync.WorkManager running work UPLOAD file: ok
WARN FileSystemListener it.simonedegiacomi.sync.fs.MyFileSystemWatcher Invalid watch key
INFO pool-2-thread-1 it.simonedegiacomi.storage.EventEmitter emit new event it.simonedegiacomi.goboxapi.client.SyncEvent@96354e8
INFO pool-2-thread-1 it.simonedegiacomi.goboxapi.myws.MyWSClient New broadcast message sent
INFO pool-2-thread-1 it.simonedegiacomi.sync.WorkManager work completed UPLOAD file: ok
INFO pool-2-thread-4 it.simonedegiacomi.storage.EventEmitter emit new event it.simonedegiacomi.goboxapi.client.SyncEvent@2f0caf12
INFO pool-2-thread-4 it.simonedegiacomi.goboxapi.myws.MyWSClient New broadcast message sent
INFO pool-2-thread-4 it.simonedegiacomi.sync.WorkManager work completed UPLOAD file: .DS_Store
INFO pool-1-thread-2 it.simonedegiacomi.storage.components.GBComponent New file info query
INFO Thread-6 it.simonedegiacomi.storage.direct.CorsHeadersMiddleware Adding cors headers
INFO Thread-6 it.simonedegiacomi.storage.direct.AuthMiddleware Analyzing request
INFO Thread-6 it.simonedegiacomi.storage.direct.AuthMiddleware Request authorized
INFO Thread-6 it.simonedegiacomi.storage.components.core.StorageToClient New direct download request
INFO Thread-6 it.simonedegiacomi.storage.components.core.StorageToClient File send to the client
INFO FileSystemListener it.simonedegiacomi.sync.fs.MyFileSystemWatcher Acquired new events: 2
INFO FileSystemListener it.simonedegiacomi.sync.fs.MyFileSystemWatcher Event ENTRY_DELETE
INFO FileSystemListener it.simonedegiacomi.sync.fs.MyFileSystemWatcher Event ENTRY_CREATE
INFO FileSystemListener it.simonedegiacomi.sync.fs.MyFileSystemWatcher Event ENTRY_DELETE file files/ok at 0
INFO FileSystemListener it.simonedegiacomi.sync.fs.MyFileSystemWatcher Deleted event files/ok
INFO FileSystemListener it.simonedegiacomi.sync.fs.MyFileSystemWatcher Event ENTRY_CREATE file files/si at 1465126091000
INFO FileSystemListener it.simonedegiacomi.sync.fs.MyFileSystemWatcher Start watching files/si
INFO FileSystemListener it.simonedegiacomi.sync.Sync file moved from files/ok to files/si
INFO pool-2-thread-3 it.simonedegiacomi.sync.WorkManager running work MOVE_IN_STORAGE file: si
INFO pool-2-thread-3 it.simonedegiacomi.storage.EventEmitter emit new event it.simonedegiacomi.goboxapi.client.SyncEvent@76360aed
INFO pool-2-thread-3 it.simonedegiacomi.goboxapi.myws.MyWSClient New broadcast message sent
INFO pool-2-thread-3 it.simonedegiacomi.sync.WorkManager work completed MOVE_IN_STORAGE file: si
INFO FileSystemListener it.simonedegiacomi.sync.fs.MyFileSystemWatcher Acquired new events: 0
WARN FileSystemListener it.simonedegiacomi.sync.fs.MyFileSystemWatcher Invalid watch key
INFO FileSystemListener it.simonedegiacomi.sync.fs.MyFileSystemWatcher Acquired new events: 2
INFO FileSystemListener it.simonedegiacomi.sync.fs.MyFileSystemWatcher Event ENTRY_DELETE
INFO FileSystemListener it.simonedegiacomi.sync.fs.MyFileSystemWatcher Event ENTRY_CREATE
INFO FileSystemListener it.simonedegiacomi.sync.fs.MyFileSystemWatcher Event ENTRY_DELETE file files/si at 0
INFO FileSystemListener it.simonedegiacomi.sync.fs.MyFileSystemWatcher Deleted event files/si
INFO FileSystemListener it.simonedegiacomi.sync.fs.MyFileSystemWatcher Event ENTRY_CREATE file files/after at 1465126091000
INFO FileSystemListener it.simonedegiacomi.sync.fs.MyFileSystemWatcher Start watching files/after
INFO FileSystemListener it.simonedegiacomi.sync.Sync file moved from files/si to files/after
INFO pool-2-thread-2 it.simonedegiacomi.sync.WorkManager running work MOVE_IN_STORAGE file: after
INFO pool-2-thread-2 it.simonedegiacomi.storage.EventEmitter emit new event it.simonedegiacomi.goboxapi.client.SyncEvent@3f3bcd01
INFO pool-2-thread-2 it.simonedegiacomi.goboxapi.myws.MyWSClient New broadcast message sent
INFO pool-2-thread-2 it.simonedegiacomi.sync.WorkManager work completed MOVE_IN_STORAGE file: after
INFO pool-1-thread-1 it.simonedegiacomi.storage.components.GBComponent New file info query
INFO FileSystemListener it.simonedegiacomi.sync.fs.MyFileSystemWatcher Acquired new events: 2
INFO FileSystemListener it.simonedegiacomi.sync.fs.MyFileSystemWatcher Event ENTRY_MODIFY
INFO FileSystemListener it.simonedegiacomi.sync.fs.MyFileSystemWatcher Event ENTRY_CREATE
INFO FileSystemListener it.simonedegiacomi.sync.fs.MyFileSystemWatcher Event ENTRY_MODIFY file files/.DS_Store at 1465126195000
INFO FileSystemListener it.simonedegiacomi.sync.fs.MyFileSystemWatcher File modified files/.DS_Store
INFO FileSystemListener it.simonedegiacomi.sync.Sync new file modified files/.DS_Store
INFO FileSystemListener it.simonedegiacomi.sync.fs.MyFileSystemWatcher Event ENTRY_CREATE file files/untitled folder at 1465126195000
INFO pool-2-thread-1 it.simonedegiacomi.sync.WorkManager running work UPLOAD file: .DS_Store
INFO FileSystemListener it.simonedegiacomi.sync.fs.MyFileSystemWatcher Start watching files/untitled folder
INFO FileSystemListener it.simonedegiacomi.sync.fs.MyFileSystemWatcher File created files/untitled folder
INFO FileSystemListener it.simonedegiacomi.sync.Sync new file created files/untitled folder
INFO pool-2-thread-4 it.simonedegiacomi.sync.WorkManager running work UPLOAD file: untitled folder
INFO pool-2-thread-4 it.simonedegiacomi.storage.EventEmitter emit new event it.simonedegiacomi.goboxapi.client.SyncEvent@6e31a529
INFO pool-2-thread-4 it.simonedegiacomi.goboxapi.myws.MyWSClient New broadcast message sent
INFO pool-2-thread-4 it.simonedegiacomi.sync.WorkManager work completed UPLOAD file: untitled folder
INFO pool-2-thread-1 it.simonedegiacomi.storage.EventEmitter emit new event it.simonedegiacomi.goboxapi.client.SyncEvent@2dac672f
INFO pool-2-thread-1 it.simonedegiacomi.goboxapi.myws.MyWSClient New broadcast message sent
INFO pool-2-thread-1 it.simonedegiacomi.sync.WorkManager work completed UPLOAD file: .DS_Store
INFO Thread-6 it.simonedegiacomi.storage.direct.CorsHeadersMiddleware Adding cors headers
INFO Thread-6 it.simonedegiacomi.storage.direct.AuthMiddleware Analyzing request
INFO Thread-6 it.simonedegiacomi.storage.direct.AuthMiddleware Request authorized
INFO Thread-6 it.simonedegiacomi.storage.components.core.StorageToClient New direct download request
INFO Thread-6 it.simonedegiacomi.storage.components.core.StorageToClient File send to the client
INFO pool-1-thread-2 it.simonedegiacomi.storage.components.GBComponent New file info query
INFO FileSystemListener it.simonedegiacomi.sync.fs.MyFileSystemWatcher Acquired new events: 3
INFO FileSystemListener it.simonedegiacomi.sync.fs.MyFileSystemWatcher Event ENTRY_DELETE
INFO FileSystemListener it.simonedegiacomi.sync.fs.MyFileSystemWatcher Event ENTRY_MODIFY
INFO FileSystemListener it.simonedegiacomi.sync.fs.MyFileSystemWatcher Event ENTRY_CREATE
INFO FileSystemListener it.simonedegiacomi.sync.fs.MyFileSystemWatcher Event ENTRY_DELETE file files/untitled folder at 0
INFO FileSystemListener it.simonedegiacomi.sync.fs.MyFileSystemWatcher Deleted event files/untitled folder
INFO FileSystemListener it.simonedegiacomi.sync.fs.MyFileSystemWatcher Event ENTRY_MODIFY file files/.DS_Store at 1465126200000
INFO FileSystemListener it.simonedegiacomi.sync.fs.MyFileSystemWatcher File modified files/.DS_Store
INFO FileSystemListener it.simonedegiacomi.sync.Sync new file modified files/.DS_Store
INFO FileSystemListener it.simonedegiacomi.sync.fs.MyFileSystemWatcher Event ENTRY_CREATE file files/lol at 1465126195000
INFO pool-2-thread-3 it.simonedegiacomi.sync.WorkManager running work UPLOAD file: .DS_Store
INFO FileSystemListener it.simonedegiacomi.sync.fs.MyFileSystemWatcher Start watching files/lol
INFO FileSystemListener it.simonedegiacomi.sync.fs.MyFileSystemWatcher File created files/lol
INFO FileSystemListener it.simonedegiacomi.sync.Sync new file created files/lol
INFO pool-2-thread-2 it.simonedegiacomi.sync.WorkManager running work UPLOAD file: lol
INFO FileSystemListener it.simonedegiacomi.sync.fs.MyFileSystemWatcher Acquired new events: 0
WARN FileSystemListener it.simonedegiacomi.sync.fs.MyFileSystemWatcher Invalid watch key
INFO pool-2-thread-2 it.simonedegiacomi.storage.EventEmitter emit new event it.simonedegiacomi.goboxapi.client.SyncEvent@354e871
INFO pool-2-thread-2 it.simonedegiacomi.goboxapi.myws.MyWSClient New broadcast message sent
INFO pool-2-thread-2 it.simonedegiacomi.sync.WorkManager work completed UPLOAD file: lol
INFO pool-2-thread-3 it.simonedegiacomi.storage.EventEmitter emit new event it.simonedegiacomi.goboxapi.client.SyncEvent@478abdde
INFO pool-2-thread-3 it.simonedegiacomi.goboxapi.myws.MyWSClient New broadcast message sent
INFO pool-2-thread-3 it.simonedegiacomi.sync.WorkManager work completed UPLOAD file: .DS_Store
INFO Thread-6 it.simonedegiacomi.storage.direct.CorsHeadersMiddleware Adding cors headers
INFO Thread-6 it.simonedegiacomi.storage.direct.AuthMiddleware Analyzing request
INFO Thread-6 it.simonedegiacomi.storage.direct.AuthMiddleware Request authorized
INFO Thread-6 it.simonedegiacomi.storage.components.core.StorageToClient New direct download request
INFO Thread-6 it.simonedegiacomi.storage.components.core.StorageToClient File send to the client
INFO pool-1-thread-1 it.simonedegiacomi.storage.components.GBComponent New file info query
WARN Thread-0 it.simonedegiacomi.utils.GoBoxInstance java.lang.IllegalStateException: This is not a JSON Array.
java.lang.IllegalStateException: This is not a JSON Array.
	at com.google.gson.JsonElement.getAsJsonArray(JsonElement.java:106)
	at it.simonedegiacomi.goboxclient.ui.CLIView.readArgs(CLIView.java:39)
	at it.simonedegiacomi.goboxclient.ui.CLIView.<init>(CLIView.java:52)
	at it.simonedegiacomi.utils.GoBoxInstance$1.run(GoBoxInstance.java:103)
	at java.lang.Thread.run(Thread.java:745)
INFO main it.simonedegiacomi.configuration.Config config saved
INFO main it.simonedegiacomi.configuration.Config config saved
INFO main it.simonedegiacomi.sync.fs.MyFileSystemWatcher Start watching files
INFO main it.simonedegiacomi.sync.fs.MyFileSystemWatcher Start watching files/after
INFO main it.simonedegiacomi.sync.fs.MyFileSystemWatcher Start watching files/lol
INFO main com.j256.ormlite.table.TableUtils creating table 'file'
INFO main com.j256.ormlite.table.TableUtils executed create table statement changed 0 rows: CREATE TABLE IF NOT EXISTS `file` (`ID` BIGINT AUTO_INCREMENT , `father_ID` BIGINT NOT NULL , `is_directory` TINYINT(1) NOT NULL , `trashed` TINYINT(1) NOT NULL , `size` BIGINT , `name` VARCHAR(255) NOT NULL , `creation` BIGINT , `last_update` BIGINT , `mime` VARCHAR(255) , PRIMARY KEY (`ID`) ) 
INFO main com.j256.ormlite.table.TableUtils creating table 'event'
INFO main com.j256.ormlite.table.TableUtils executed create table statement changed 0 rows: CREATE TABLE IF NOT EXISTS `event` (`ID` BIGINT AUTO_INCREMENT , `kind` VARCHAR(100) NOT NULL , `file_id` BIGINT , `date` BIGINT , PRIMARY KEY (`ID`) ) 
INFO main com.j256.ormlite.table.TableUtils creating table 'sharing'
INFO main com.j256.ormlite.table.TableUtils executed create table statement changed 0 rows: CREATE TABLE IF NOT EXISTS `sharing` (`ID` BIGINT AUTO_INCREMENT , `file_id` BIGINT , PRIMARY KEY (`ID`) ) 
INFO main it.simonedegiacomi.configuration.Config Property directConnectionPort not found, using default value: 6522
INFO main it.simonedegiacomi.configuration.Config Property directConnectionListenAddress not found, using default value: 0.0.0.0
INFO main it.simonedegiacomi.configuration.Config Property keyStoreFile not found, using default value: keystore.ks
INFO main it.simonedegiacomi.storage.Storage GBComponents list loaded
INFO main it.simonedegiacomi.storage.Storage Analyzing component it.simonedegiacomi.storage.components.core.StorageToClient
INFO main it.simonedegiacomi.storage.Storage Found onBridgeDownloadRequest (query handler)
INFO main it.simonedegiacomi.storage.Storage Found onDirectDownloadRequest (http handler)
INFO main it.simonedegiacomi.storage.Storage Analyzing component it.simonedegiacomi.storage.components.core.ClientToStorage
INFO main it.simonedegiacomi.storage.Storage Found onBridgeUpload (query handler)
INFO main it.simonedegiacomi.storage.Storage Analyzing component it.simonedegiacomi.storage.components.core.FileInfo
INFO main it.simonedegiacomi.storage.Storage Found onFileInfoQuery (query handler)
INFO main it.simonedegiacomi.storage.Storage Analyzing component it.simonedegiacomi.storage.components.core.CreateFolder
INFO main it.simonedegiacomi.storage.Storage Found onQuery (query handler)
INFO main it.simonedegiacomi.storage.Storage Analyzing component it.simonedegiacomi.storage.components.core.Search
INFO main it.simonedegiacomi.storage.Storage Found onQuery (query handler)
INFO main it.simonedegiacomi.storage.Storage Analyzing component it.simonedegiacomi.storage.components.core.Recent
INFO main it.simonedegiacomi.storage.Storage Found onQuery (query handler)
INFO main it.simonedegiacomi.storage.Storage Analyzing component it.simonedegiacomi.storage.components.core.Share
INFO main it.simonedegiacomi.storage.Storage Found onShareQuery (query handler)
INFO main it.simonedegiacomi.storage.Storage Found onShareListQuery (query handler)
INFO main it.simonedegiacomi.storage.Storage Analyzing component it.simonedegiacomi.storage.components.core.Move
INFO main it.simonedegiacomi.storage.Storage Found onQuery (query handler)
INFO main it.simonedegiacomi.storage.Storage Analyzing component it.simonedegiacomi.storage.components.core.Ping
INFO main it.simonedegiacomi.storage.Storage Found onPingQuery (query handler)
INFO main it.simonedegiacomi.storage.Storage Analyzing component it.simonedegiacomi.storage.components.core.Trash
INFO main it.simonedegiacomi.storage.Storage Found onQuery (query handler)
INFO main it.simonedegiacomi.storage.Storage Found onTrashQuery (query handler)
INFO main it.simonedegiacomi.storage.Storage Found onTrashedFilesListQuery (query handler)
INFO main it.simonedegiacomi.storage.Storage Found onRemoveQuery (query handler)
INFO main it.simonedegiacomi.configuration.Config Property trash not found, using default value: trash/
INFO main it.simonedegiacomi.storage.direct.HttpsStorageServer Starting server
INFO ReadingThread it.simonedegiacomi.goboxapi.myws.MyWSClient Websocket connection established
INFO main it.simonedegiacomi.storage.direct.HttpsStorageServer Server started
INFO main it.simonedegiacomi.storage.Storage Storage started
INFO main it.simonedegiacomi.sync.Sync Start synchronization with storage
WARN pool-1-thread-1 it.simonedegiacomi.goboxapi.myws.MyWSClient Received unknown event: initialization
INFO pool-2-thread-1 it.simonedegiacomi.sync.WorkManager running work UPLOAD file: .DS_Store
INFO pool-2-thread-2 it.simonedegiacomi.sync.WorkManager running work UPLOAD file: after
INFO pool-2-thread-2 it.simonedegiacomi.storage.EventEmitter emit new event it.simonedegiacomi.goboxapi.client.SyncEvent@716ff1c4
INFO pool-2-thread-1 it.simonedegiacomi.storage.EventEmitter emit new event it.simonedegiacomi.goboxapi.client.SyncEvent@1324a90f
INFO pool-2-thread-3 it.simonedegiacomi.sync.WorkManager running work DOWNLOAD file: ok
INFO main it.simonedegiacomi.sync.Sync sync completed
INFO pool-2-thread-4 it.simonedegiacomi.sync.WorkManager running work DOWNLOAD file: untitled folder
INFO pool-2-thread-3 it.simonedegiacomi.sync.WorkManager work completed DOWNLOAD file: ok
INFO pool-2-thread-4 it.simonedegiacomi.sync.WorkManager work completed DOWNLOAD file: untitled folder
INFO pool-2-thread-2 it.simonedegiacomi.goboxapi.myws.MyWSClient New broadcast message sent
INFO pool-2-thread-1 it.simonedegiacomi.goboxapi.myws.MyWSClient New broadcast message sent
INFO pool-2-thread-2 it.simonedegiacomi.sync.WorkManager work completed UPLOAD file: after
INFO pool-2-thread-1 it.simonedegiacomi.sync.WorkManager work completed UPLOAD file: .DS_Store
INFO FileSystemListener it.simonedegiacomi.sync.fs.MyFileSystemWatcher Acquired new events: 2
INFO FileSystemListener it.simonedegiacomi.sync.fs.MyFileSystemWatcher Event ENTRY_CREATE
INFO FileSystemListener it.simonedegiacomi.sync.fs.MyFileSystemWatcher Event ENTRY_CREATE
INFO FileSystemListener it.simonedegiacomi.sync.fs.MyFileSystemWatcher Event ENTRY_CREATE file files/ok at 1465126654000
INFO FileSystemListener it.simonedegiacomi.sync.fs.MyFileSystemWatcher Start watching files/ok
INFO FileSystemListener it.simonedegiacomi.sync.fs.MyFileSystemWatcher Event ENTRY_CREATE on files/ok ignored
INFO FileSystemListener it.simonedegiacomi.sync.fs.MyFileSystemWatcher Event ENTRY_CREATE file files/untitled folder at 1465126654000
INFO FileSystemListener it.simonedegiacomi.sync.fs.MyFileSystemWatcher Start watching files/untitled folder
INFO FileSystemListener it.simonedegiacomi.sync.fs.MyFileSystemWatcher Event ENTRY_CREATE on files/untitled folder ignored
INFO Thread-6 it.simonedegiacomi.storage.direct.CorsHeadersMiddleware Adding cors headers
INFO pool-1-thread-1 it.simonedegiacomi.storage.components.GBComponent New file info query
INFO pool-1-thread-2 it.simonedegiacomi.storage.components.GBComponent New file info query
INFO Thread-6 it.simonedegiacomi.storage.direct.CorsHeadersMiddleware Adding cors headers
INFO Thread-6 it.simonedegiacomi.storage.direct.AuthMiddleware Analyzing request
INFO Thread-6 it.simonedegiacomi.storage.direct.AuthMiddleware Request authorized
INFO Thread-6 it.simonedegiacomi.storage.components.core.StorageToClient New direct download request
INFO Thread-6 it.simonedegiacomi.storage.components.core.StorageToClient File send to the client
INFO pool-1-thread-1 it.simonedegiacomi.storage.components.GBComponent New file info query
INFO pool-1-thread-2 it.simonedegiacomi.storage.components.GBComponent New file info query
INFO pool-1-thread-1 it.simonedegiacomi.storage.components.GBComponent New file info query
INFO pool-1-thread-2 it.simonedegiacomi.storage.components.GBComponent New file info query
INFO pool-1-thread-1 it.simonedegiacomi.storage.components.GBComponent New file info query
WARN Thread-0 it.simonedegiacomi.utils.GoBoxInstance java.lang.IllegalStateException: This is not a JSON Array.
java.lang.IllegalStateException: This is not a JSON Array.
	at com.google.gson.JsonElement.getAsJsonArray(JsonElement.java:106)
	at it.simonedegiacomi.goboxclient.ui.CLIView.readArgs(CLIView.java:39)
	at it.simonedegiacomi.goboxclient.ui.CLIView.<init>(CLIView.java:52)
	at it.simonedegiacomi.utils.GoBoxInstance$1.run(GoBoxInstance.java:103)
	at java.lang.Thread.run(Thread.java:745)
INFO main it.simonedegiacomi.configuration.Config config saved
INFO main it.simonedegiacomi.configuration.Config config saved
INFO main it.simonedegiacomi.sync.fs.MyFileSystemWatcher Start watching files
INFO main it.simonedegiacomi.sync.fs.MyFileSystemWatcher Start watching files/after
INFO main it.simonedegiacomi.sync.fs.MyFileSystemWatcher Start watching files/lol
INFO main it.simonedegiacomi.sync.fs.MyFileSystemWatcher Start watching files/ok
INFO main it.simonedegiacomi.sync.fs.MyFileSystemWatcher Start watching files/untitled folder
INFO main com.j256.ormlite.table.TableUtils creating table 'file'
INFO main com.j256.ormlite.table.TableUtils executed create table statement changed 0 rows: CREATE TABLE IF NOT EXISTS `file` (`ID` BIGINT AUTO_INCREMENT , `father_ID` BIGINT NOT NULL , `is_directory` TINYINT(1) NOT NULL , `trashed` TINYINT(1) NOT NULL , `size` BIGINT , `name` VARCHAR(255) NOT NULL , `creation` BIGINT , `last_update` BIGINT , `mime` VARCHAR(255) , PRIMARY KEY (`ID`) ) 
INFO main com.j256.ormlite.table.TableUtils creating table 'event'
INFO main com.j256.ormlite.table.TableUtils executed create table statement changed 0 rows: CREATE TABLE IF NOT EXISTS `event` (`ID` BIGINT AUTO_INCREMENT , `kind` VARCHAR(100) NOT NULL , `file_id` BIGINT , `date` BIGINT , PRIMARY KEY (`ID`) ) 
INFO main com.j256.ormlite.table.TableUtils creating table 'sharing'
INFO main com.j256.ormlite.table.TableUtils executed create table statement changed 0 rows: CREATE TABLE IF NOT EXISTS `sharing` (`ID` BIGINT AUTO_INCREMENT , `file_id` BIGINT , PRIMARY KEY (`ID`) ) 
INFO main it.simonedegiacomi.configuration.Config Property directConnectionPort not found, using default value: 6522
INFO main it.simonedegiacomi.configuration.Config Property directConnectionListenAddress not found, using default value: 0.0.0.0
INFO main it.simonedegiacomi.configuration.Config Property keyStoreFile not found, using default value: keystore.ks
INFO main it.simonedegiacomi.storage.Storage GBComponents list loaded
INFO main it.simonedegiacomi.storage.Storage Analyzing component it.simonedegiacomi.storage.components.core.StorageToClient
INFO main it.simonedegiacomi.storage.Storage Found onBridgeDownloadRequest (query handler)
INFO main it.simonedegiacomi.storage.Storage Found onDirectDownloadRequest (http handler)
INFO main it.simonedegiacomi.storage.Storage Analyzing component it.simonedegiacomi.storage.components.core.ClientToStorage
INFO main it.simonedegiacomi.storage.Storage Found onBridgeUpload (query handler)
INFO main it.simonedegiacomi.storage.Storage Analyzing component it.simonedegiacomi.storage.components.core.FileInfo
INFO main it.simonedegiacomi.storage.Storage Found onFileInfoQuery (query handler)
INFO main it.simonedegiacomi.storage.Storage Analyzing component it.simonedegiacomi.storage.components.core.CreateFolder
INFO main it.simonedegiacomi.storage.Storage Found onQuery (query handler)
INFO main it.simonedegiacomi.storage.Storage Analyzing component it.simonedegiacomi.storage.components.core.Search
INFO main it.simonedegiacomi.storage.Storage Found onQuery (query handler)
INFO main it.simonedegiacomi.storage.Storage Analyzing component it.simonedegiacomi.storage.components.core.Recent
INFO main it.simonedegiacomi.storage.Storage Found onQuery (query handler)
INFO main it.simonedegiacomi.storage.Storage Analyzing component it.simonedegiacomi.storage.components.core.Share
INFO main it.simonedegiacomi.storage.Storage Found onShareQuery (query handler)
INFO main it.simonedegiacomi.storage.Storage Found onShareListQuery (query handler)
INFO main it.simonedegiacomi.storage.Storage Analyzing component it.simonedegiacomi.storage.components.core.Move
INFO main it.simonedegiacomi.storage.Storage Found onQuery (query handler)
INFO main it.simonedegiacomi.storage.Storage Analyzing component it.simonedegiacomi.storage.components.core.Ping
INFO main it.simonedegiacomi.storage.Storage Found onPingQuery (query handler)
INFO main it.simonedegiacomi.storage.Storage Analyzing component it.simonedegiacomi.storage.components.core.Trash
INFO main it.simonedegiacomi.storage.Storage Found onQuery (query handler)
INFO main it.simonedegiacomi.storage.Storage Found onTrashQuery (query handler)
INFO main it.simonedegiacomi.storage.Storage Found onTrashedFilesListQuery (query handler)
INFO main it.simonedegiacomi.storage.Storage Found onRemoveQuery (query handler)
INFO main it.simonedegiacomi.configuration.Config Property trash not found, using default value: trash/
INFO main it.simonedegiacomi.storage.direct.HttpsStorageServer Starting server
INFO ReadingThread it.simonedegiacomi.goboxapi.myws.MyWSClient Websocket connection established
INFO main it.simonedegiacomi.storage.direct.HttpsStorageServer Server started
INFO main it.simonedegiacomi.storage.Storage Storage started
INFO main it.simonedegiacomi.sync.Sync Start synchronization with storage
WARN pool-1-thread-1 it.simonedegiacomi.goboxapi.myws.MyWSClient Received unknown event: initialization
INFO pool-2-thread-1 it.simonedegiacomi.sync.WorkManager running work UPLOAD file: .DS_Store
INFO main it.simonedegiacomi.sync.Sync sync completed
INFO pool-2-thread-1 it.simonedegiacomi.storage.EventEmitter emit new event it.simonedegiacomi.goboxapi.client.SyncEvent@10db2a75
INFO pool-2-thread-1 it.simonedegiacomi.goboxapi.myws.MyWSClient New broadcast message sent
INFO pool-2-thread-1 it.simonedegiacomi.sync.WorkManager work completed UPLOAD file: .DS_Store
INFO main it.simonedegiacomi.configuration.Config config saved
INFO main it.simonedegiacomi.configuration.Config config saved
INFO main it.simonedegiacomi.sync.fs.MyFileSystemWatcher Start watching files
INFO main it.simonedegiacomi.sync.fs.MyFileSystemWatcher Start watching files/after
INFO main it.simonedegiacomi.sync.fs.MyFileSystemWatcher Start watching files/lol
INFO main it.simonedegiacomi.sync.fs.MyFileSystemWatcher Start watching files/ok
INFO main it.simonedegiacomi.sync.fs.MyFileSystemWatcher Start watching files/untitled folder
INFO main com.j256.ormlite.table.TableUtils creating table 'file'
INFO main com.j256.ormlite.table.TableUtils executed create table statement changed 0 rows: CREATE TABLE IF NOT EXISTS `file` (`ID` BIGINT AUTO_INCREMENT , `father_ID` BIGINT NOT NULL , `is_directory` TINYINT(1) NOT NULL , `trashed` TINYINT(1) NOT NULL , `size` BIGINT , `name` VARCHAR(255) NOT NULL , `creation` BIGINT , `last_update` BIGINT , `mime` VARCHAR(255) , PRIMARY KEY (`ID`) ) 
INFO main com.j256.ormlite.table.TableUtils creating table 'event'
INFO main com.j256.ormlite.table.TableUtils executed create table statement changed 0 rows: CREATE TABLE IF NOT EXISTS `event` (`ID` BIGINT AUTO_INCREMENT , `kind` VARCHAR(100) NOT NULL , `file_id` BIGINT , `date` BIGINT , PRIMARY KEY (`ID`) ) 
INFO main com.j256.ormlite.table.TableUtils creating table 'sharing'
INFO main com.j256.ormlite.table.TableUtils executed create table statement changed 0 rows: CREATE TABLE IF NOT EXISTS `sharing` (`ID` BIGINT AUTO_INCREMENT , `file_id` BIGINT , PRIMARY KEY (`ID`) ) 
INFO main it.simonedegiacomi.configuration.Config Property directConnectionPort not found, using default value: 6522
INFO main it.simonedegiacomi.configuration.Config Property directConnectionListenAddress not found, using default value: 0.0.0.0
INFO main it.simonedegiacomi.configuration.Config Property keyStoreFile not found, using default value: keystore.ks
INFO main it.simonedegiacomi.storage.Storage GBComponents list loaded
INFO main it.simonedegiacomi.storage.Storage Analyzing component it.simonedegiacomi.storage.components.core.StorageToClient
INFO main it.simonedegiacomi.storage.Storage Found onBridgeDownloadRequest (query handler)
INFO main it.simonedegiacomi.storage.Storage Found onDirectDownloadRequest (http handler)
INFO main it.simonedegiacomi.storage.Storage Analyzing component it.simonedegiacomi.storage.components.core.ClientToStorage
INFO main it.simonedegiacomi.storage.Storage Found onDirectDownloadRequest (http handler)
INFO main it.simonedegiacomi.storage.Storage Found onBridgeUpload (query handler)
INFO main it.simonedegiacomi.storage.Storage Analyzing component it.simonedegiacomi.storage.components.core.FileInfo
INFO main it.simonedegiacomi.storage.Storage Found onFileInfoQuery (query handler)
INFO main it.simonedegiacomi.storage.Storage Analyzing component it.simonedegiacomi.storage.components.core.CreateFolder
INFO main it.simonedegiacomi.storage.Storage Found onQuery (query handler)
INFO main it.simonedegiacomi.storage.Storage Analyzing component it.simonedegiacomi.storage.components.core.Search
INFO main it.simonedegiacomi.storage.Storage Found onQuery (query handler)
INFO main it.simonedegiacomi.storage.Storage Analyzing component it.simonedegiacomi.storage.components.core.Recent
INFO main it.simonedegiacomi.storage.Storage Found onQuery (query handler)
INFO main it.simonedegiacomi.storage.Storage Analyzing component it.simonedegiacomi.storage.components.core.Share
INFO main it.simonedegiacomi.storage.Storage Found onShareQuery (query handler)
INFO main it.simonedegiacomi.storage.Storage Found onShareListQuery (query handler)
INFO main it.simonedegiacomi.storage.Storage Analyzing component it.simonedegiacomi.storage.components.core.Move
INFO main it.simonedegiacomi.storage.Storage Found onQuery (query handler)
INFO main it.simonedegiacomi.storage.Storage Analyzing component it.simonedegiacomi.storage.components.core.Ping
INFO main it.simonedegiacomi.storage.Storage Found onPingQuery (query handler)
INFO main it.simonedegiacomi.storage.Storage Analyzing component it.simonedegiacomi.storage.components.core.Trash
INFO main it.simonedegiacomi.storage.Storage Found onTrashQuery (query handler)
INFO main it.simonedegiacomi.storage.Storage Found onTrashedFilesListQuery (query handler)
INFO main it.simonedegiacomi.storage.Storage Found onRemoveQuery (query handler)
INFO main it.simonedegiacomi.storage.Storage Found onQuery (query handler)
INFO main it.simonedegiacomi.configuration.Config Property trash not found, using default value: trash/
INFO main it.simonedegiacomi.storage.direct.HttpsStorageServer Starting server
INFO ReadingThread it.simonedegiacomi.goboxapi.myws.MyWSClient Websocket connection established
INFO main it.simonedegiacomi.storage.direct.HttpsStorageServer Server started
INFO main it.simonedegiacomi.storage.Storage Storage started
INFO main it.simonedegiacomi.sync.Sync Start synchronization with storage
WARN pool-1-thread-1 it.simonedegiacomi.goboxapi.myws.MyWSClient Received unknown event: initialization
INFO pool-2-thread-1 it.simonedegiacomi.sync.WorkManager running work UPLOAD file: .DS_Store
INFO main it.simonedegiacomi.sync.Sync sync completed
INFO pool-2-thread-1 it.simonedegiacomi.storage.EventEmitter emit new event it.simonedegiacomi.goboxapi.client.SyncEvent@2bb0722e
INFO pool-2-thread-1 it.simonedegiacomi.goboxapi.myws.MyWSClient New broadcast message sent
INFO pool-2-thread-1 it.simonedegiacomi.sync.WorkManager work completed UPLOAD file: .DS_Store
INFO Thread-6 it.simonedegiacomi.storage.direct.CorsHeadersMiddleware Adding cors headers
INFO pool-1-thread-1 it.simonedegiacomi.storage.components.GBComponent New file info query
INFO pool-1-thread-2 it.simonedegiacomi.storage.components.GBComponent New file info query
INFO pool-1-thread-1 it.simonedegiacomi.storage.components.GBComponent New file info query
INFO pool-1-thread-2 it.simonedegiacomi.storage.components.GBComponent New file info query
INFO Thread-6 it.simonedegiacomi.storage.direct.CorsHeadersMiddleware Adding cors headers
INFO Thread-6 it.simonedegiacomi.storage.direct.AuthMiddleware Analyzing request
INFO Thread-6 it.simonedegiacomi.storage.direct.AuthMiddleware Request authorized
INFO Thread-6 it.simonedegiacomi.storage.components.core.ClientToStorage New direct upload request
INFO pool-1-thread-1 it.simonedegiacomi.storage.components.GBComponent New file info query
INFO Thread-6 it.simonedegiacomi.storage.EventEmitter emit new event it.simonedegiacomi.goboxapi.client.SyncEvent@19f21964
INFO Thread-6 it.simonedegiacomi.goboxapi.myws.MyWSClient New broadcast message sent
INFO Thread-6 it.simonedegiacomi.storage.components.core.ClientToStorage New file received
INFO pool-1-thread-2 it.simonedegiacomi.storage.components.GBComponent New file info query
INFO pool-1-thread-1 it.simonedegiacomi.storage.components.GBComponent New file info query
INFO Thread-6 it.simonedegiacomi.storage.direct.CorsHeadersMiddleware Adding cors headers
INFO Thread-6 it.simonedegiacomi.storage.direct.AuthMiddleware Analyzing request
INFO Thread-6 it.simonedegiacomi.storage.direct.AuthMiddleware Request authorized
INFO Thread-6 it.simonedegiacomi.storage.components.core.ClientToStorage New direct upload request
INFO Thread-6 it.simonedegiacomi.storage.EventEmitter emit new event it.simonedegiacomi.goboxapi.client.SyncEvent@65c132f3
INFO Thread-6 it.simonedegiacomi.goboxapi.myws.MyWSClient New broadcast message sent
INFO Thread-6 it.simonedegiacomi.storage.components.core.ClientToStorage New file received
INFO pool-1-thread-2 it.simonedegiacomi.storage.components.GBComponent New file info query
INFO FileSystemListener it.simonedegiacomi.sync.fs.MyFileSystemWatcher Acquired new events: 2
INFO FileSystemListener it.simonedegiacomi.sync.fs.MyFileSystemWatcher Event ENTRY_CREATE
INFO FileSystemListener it.simonedegiacomi.sync.fs.MyFileSystemWatcher Event ENTRY_CREATE
INFO FileSystemListener it.simonedegiacomi.sync.fs.MyFileSystemWatcher Event ENTRY_CREATE file files/GoBoxJavaApi.png at 1465126948000
INFO FileSystemListener it.simonedegiacomi.sync.fs.MyFileSystemWatcher Event ENTRY_CREATE on files/GoBoxJavaApi.png ignored
INFO FileSystemListener it.simonedegiacomi.sync.fs.MyFileSystemWatcher Event ENTRY_CREATE file files/UML.mdj at 1465126949000
INFO FileSystemListener it.simonedegiacomi.sync.fs.MyFileSystemWatcher Event ENTRY_CREATE on files/UML.mdj ignored
INFO pool-1-thread-1 it.simonedegiacomi.storage.components.core.StorageToClient New download bridge request
WARN Thread-0 it.simonedegiacomi.utils.GoBoxInstance java.lang.IllegalStateException: This is not a JSON Array.
java.lang.IllegalStateException: This is not a JSON Array.
	at com.google.gson.JsonElement.getAsJsonArray(JsonElement.java:106)
	at it.simonedegiacomi.goboxclient.ui.CLIView.readArgs(CLIView.java:39)
	at it.simonedegiacomi.goboxclient.ui.CLIView.<init>(CLIView.java:52)
	at it.simonedegiacomi.utils.GoBoxInstance$1.run(GoBoxInstance.java:103)
	at java.lang.Thread.run(Thread.java:745)
INFO pool-1-thread-1 it.simonedegiacomi.storage.components.core.StorageToClient File sent to the client
INFO pool-1-thread-2 it.simonedegiacomi.storage.components.GBComponent New file info query
INFO pool-1-thread-1 it.simonedegiacomi.storage.components.core.CreateFolder CreateFolder query
INFO pool-1-thread-1 it.simonedegiacomi.storage.EventEmitter emit new event it.simonedegiacomi.goboxapi.client.SyncEvent@f69e5c8
INFO pool-1-thread-1 it.simonedegiacomi.goboxapi.myws.MyWSClient New broadcast message sent
INFO pool-1-thread-1 it.simonedegiacomi.storage.components.core.CreateFolder Folder created
INFO pool-1-thread-2 it.simonedegiacomi.storage.components.GBComponent New file info query
INFO FileSystemListener it.simonedegiacomi.sync.fs.MyFileSystemWatcher Acquired new events: 1
INFO FileSystemListener it.simonedegiacomi.sync.fs.MyFileSystemWatcher Event ENTRY_CREATE
INFO FileSystemListener it.simonedegiacomi.sync.fs.MyFileSystemWatcher Event ENTRY_CREATE file files/Documenti at 1465137538000
INFO FileSystemListener it.simonedegiacomi.sync.fs.MyFileSystemWatcher Start watching files/Documenti
INFO FileSystemListener it.simonedegiacomi.sync.fs.MyFileSystemWatcher Event ENTRY_CREATE on files/Documenti ignored
INFO pool-1-thread-1 it.simonedegiacomi.storage.components.GBComponent New file info query
INFO pool-1-thread-2 it.simonedegiacomi.storage.components.core.Recent New recent query
INFO pool-1-thread-1 it.simonedegiacomi.storage.components.core.Recent New recent query
INFO pool-1-thread-2 it.simonedegiacomi.storage.components.GBComponent New file info query
INFO pool-1-thread-1 it.simonedegiacomi.storage.components.GBComponent New file info query
INFO pool-1-thread-2 it.simonedegiacomi.storage.components.core.CreateFolder CreateFolder query
INFO pool-1-thread-2 it.simonedegiacomi.storage.EventEmitter emit new event it.simonedegiacomi.goboxapi.client.SyncEvent@172edca9
INFO pool-1-thread-2 it.simonedegiacomi.goboxapi.myws.MyWSClient New broadcast message sent
INFO pool-1-thread-2 it.simonedegiacomi.storage.components.core.CreateFolder Folder created
INFO pool-1-thread-1 it.simonedegiacomi.storage.components.GBComponent New file info query
INFO pool-1-thread-2 it.simonedegiacomi.storage.components.GBComponent New file info query
INFO FileSystemListener it.simonedegiacomi.sync.fs.MyFileSystemWatcher Acquired new events: 1
INFO FileSystemListener it.simonedegiacomi.sync.fs.MyFileSystemWatcher Event ENTRY_MODIFY
INFO FileSystemListener it.simonedegiacomi.sync.fs.MyFileSystemWatcher Event ENTRY_MODIFY file files/Documenti at 1465137564000
INFO FileSystemListener it.simonedegiacomi.sync.fs.MyFileSystemWatcher Event ENTRY_MODIFY on files/Documenti ignored
INFO FileSystemListener it.simonedegiacomi.sync.fs.MyFileSystemWatcher Acquired new events: 1
INFO FileSystemListener it.simonedegiacomi.sync.fs.MyFileSystemWatcher Event ENTRY_CREATE
INFO FileSystemListener it.simonedegiacomi.sync.fs.MyFileSystemWatcher Event ENTRY_CREATE file files/Documenti/Scuola at 1465137564000
INFO FileSystemListener it.simonedegiacomi.sync.fs.MyFileSystemWatcher Start watching files/Documenti/Scuola
INFO FileSystemListener it.simonedegiacomi.sync.fs.MyFileSystemWatcher Event ENTRY_CREATE on files/Documenti/Scuola ignored
INFO pool-1-thread-1 it.simonedegiacomi.storage.components.core.CreateFolder CreateFolder query
INFO pool-1-thread-1 it.simonedegiacomi.storage.EventEmitter emit new event it.simonedegiacomi.goboxapi.client.SyncEvent@1b3cfe46
INFO pool-1-thread-1 it.simonedegiacomi.goboxapi.myws.MyWSClient New broadcast message sent
INFO pool-1-thread-1 it.simonedegiacomi.storage.components.core.CreateFolder Folder created
INFO pool-1-thread-2 it.simonedegiacomi.storage.components.GBComponent New file info query
INFO FileSystemListener it.simonedegiacomi.sync.fs.MyFileSystemWatcher Acquired new events: 1
INFO FileSystemListener it.simonedegiacomi.sync.fs.MyFileSystemWatcher Event ENTRY_MODIFY
INFO FileSystemListener it.simonedegiacomi.sync.fs.MyFileSystemWatcher Event ENTRY_MODIFY file files/Documenti/Scuola at 1465137571000
INFO FileSystemListener it.simonedegiacomi.sync.fs.MyFileSystemWatcher Event ENTRY_MODIFY on files/Documenti/Scuola ignored
INFO FileSystemListener it.simonedegiacomi.sync.fs.MyFileSystemWatcher Acquired new events: 1
INFO FileSystemListener it.simonedegiacomi.sync.fs.MyFileSystemWatcher Event ENTRY_CREATE
INFO FileSystemListener it.simonedegiacomi.sync.fs.MyFileSystemWatcher Event ENTRY_CREATE file files/Documenti/Scuola/Matematica at 1465137571000
INFO FileSystemListener it.simonedegiacomi.sync.fs.MyFileSystemWatcher Start watching files/Documenti/Scuola/Matematica
INFO FileSystemListener it.simonedegiacomi.sync.fs.MyFileSystemWatcher Event ENTRY_CREATE on files/Documenti/Scuola/Matematica ignored
INFO pool-1-thread-1 it.simonedegiacomi.storage.components.core.ClientToStorage New upload request from a bridge client
INFO FileSystemListener it.simonedegiacomi.sync.fs.MyFileSystemWatcher Acquired new events: 1
INFO FileSystemListener it.simonedegiacomi.sync.fs.MyFileSystemWatcher Event ENTRY_MODIFY
INFO FileSystemListener it.simonedegiacomi.sync.fs.MyFileSystemWatcher Event ENTRY_MODIFY file files/Documenti/Scuola at 1465137585000
INFO FileSystemListener it.simonedegiacomi.sync.fs.MyFileSystemWatcher Event ENTRY_MODIFY on files/Documenti/Scuola ignored
INFO FileSystemListener it.simonedegiacomi.sync.fs.MyFileSystemWatcher Acquired new events: 1
INFO FileSystemListener it.simonedegiacomi.sync.fs.MyFileSystemWatcher Event ENTRY_CREATE
INFO FileSystemListener it.simonedegiacomi.sync.fs.MyFileSystemWatcher Event ENTRY_CREATE file files/Documenti/Scuola/_dispense_Esercizi_calcolo_combinatorio.pdf at 1465137586000
INFO FileSystemListener it.simonedegiacomi.sync.fs.MyFileSystemWatcher Event ENTRY_CREATE on files/Documenti/Scuola/_dispense_Esercizi_calcolo_combinatorio.pdf ignored
INFO FileSystemListener it.simonedegiacomi.sync.fs.MyFileSystemWatcher Acquired new events: 1
INFO FileSystemListener it.simonedegiacomi.sync.fs.MyFileSystemWatcher Event ENTRY_MODIFY
INFO FileSystemListener it.simonedegiacomi.sync.fs.MyFileSystemWatcher Event ENTRY_MODIFY file files/Documenti/Scuola/_dispense_Esercizi_calcolo_combinatorio.pdf at 1465137588000
INFO FileSystemListener it.simonedegiacomi.sync.fs.MyFileSystemWatcher Event ENTRY_MODIFY on files/Documenti/Scuola/_dispense_Esercizi_calcolo_combinatorio.pdf ignored
INFO FileSystemListener it.simonedegiacomi.sync.fs.MyFileSystemWatcher Acquired new events: 1
INFO FileSystemListener it.simonedegiacomi.sync.fs.MyFileSystemWatcher Event ENTRY_MODIFY
INFO FileSystemListener it.simonedegiacomi.sync.fs.MyFileSystemWatcher Event ENTRY_MODIFY file files/Documenti/Scuola/_dispense_Esercizi_calcolo_combinatorio.pdf at 1465137590000
INFO FileSystemListener it.simonedegiacomi.sync.fs.MyFileSystemWatcher Event ENTRY_MODIFY on files/Documenti/Scuola/_dispense_Esercizi_calcolo_combinatorio.pdf ignored
INFO FileSystemListener it.simonedegiacomi.sync.fs.MyFileSystemWatcher Acquired new events: 1
INFO FileSystemListener it.simonedegiacomi.sync.fs.MyFileSystemWatcher Event ENTRY_MODIFY
INFO FileSystemListener it.simonedegiacomi.sync.fs.MyFileSystemWatcher Event ENTRY_MODIFY file files/Documenti/Scuola/_dispense_Esercizi_calcolo_combinatorio.pdf at 1465137591000
INFO FileSystemListener it.simonedegiacomi.sync.fs.MyFileSystemWatcher Event ENTRY_MODIFY on files/Documenti/Scuola/_dispense_Esercizi_calcolo_combinatorio.pdf ignored
INFO FileSystemListener it.simonedegiacomi.sync.fs.MyFileSystemWatcher Acquired new events: 1
INFO FileSystemListener it.simonedegiacomi.sync.fs.MyFileSystemWatcher Event ENTRY_MODIFY
INFO FileSystemListener it.simonedegiacomi.sync.fs.MyFileSystemWatcher Event ENTRY_MODIFY file files/Documenti/Scuola/_dispense_Esercizi_calcolo_combinatorio.pdf at 1465137594000
INFO FileSystemListener it.simonedegiacomi.sync.fs.MyFileSystemWatcher Event ENTRY_MODIFY on files/Documenti/Scuola/_dispense_Esercizi_calcolo_combinatorio.pdf ignored
INFO FileSystemListener it.simonedegiacomi.sync.fs.MyFileSystemWatcher Acquired new events: 1
INFO FileSystemListener it.simonedegiacomi.sync.fs.MyFileSystemWatcher Event ENTRY_MODIFY
INFO FileSystemListener it.simonedegiacomi.sync.fs.MyFileSystemWatcher Event ENTRY_MODIFY file files/Documenti/Scuola/_dispense_Esercizi_calcolo_combinatorio.pdf at 1465137596000
INFO FileSystemListener it.simonedegiacomi.sync.fs.MyFileSystemWatcher Event ENTRY_MODIFY on files/Documenti/Scuola/_dispense_Esercizi_calcolo_combinatorio.pdf ignored
INFO pool-1-thread-1 it.simonedegiacomi.storage.EventEmitter emit new event it.simonedegiacomi.goboxapi.client.SyncEvent@6bc4f9ec
INFO pool-1-thread-1 it.simonedegiacomi.goboxapi.myws.MyWSClient New broadcast message sent
INFO pool-1-thread-2 it.simonedegiacomi.storage.components.GBComponent New file info query
INFO Thread-6 it.simonedegiacomi.storage.direct.CorsHeadersMiddleware Adding cors headers
INFO Thread-6 it.simonedegiacomi.storage.direct.AuthMiddleware Analyzing request
INFO Thread-6 it.simonedegiacomi.storage.direct.AuthMiddleware Request authorized
INFO Thread-6 it.simonedegiacomi.storage.components.core.StorageToClient New direct download request
INFO Thread-6 it.simonedegiacomi.storage.components.core.StorageToClient File send to the client
INFO FileSystemListener it.simonedegiacomi.sync.fs.MyFileSystemWatcher Acquired new events: 1
INFO FileSystemListener it.simonedegiacomi.sync.fs.MyFileSystemWatcher Event ENTRY_MODIFY
INFO FileSystemListener it.simonedegiacomi.sync.fs.MyFileSystemWatcher Event ENTRY_MODIFY file files/Documenti/Scuola/_dispense_Esercizi_calcolo_combinatorio.pdf at 1465137597000
INFO FileSystemListener it.simonedegiacomi.sync.fs.MyFileSystemWatcher Event ENTRY_MODIFY on files/Documenti/Scuola/_dispense_Esercizi_calcolo_combinatorio.pdf ignored
INFO pool-1-thread-1 it.simonedegiacomi.storage.components.core.Recent New recent query
INFO pool-1-thread-2 it.simonedegiacomi.storage.components.core.Search New share query
INFO pool-1-thread-2 it.simonedegiacomi.storage.EventEmitter emit new event it.simonedegiacomi.goboxapi.client.SyncEvent@5406c3c5
INFO pool-1-thread-2 it.simonedegiacomi.goboxapi.myws.MyWSClient New broadcast message sent
INFO pool-1-thread-1 it.simonedegiacomi.storage.components.GBComponent New file info query
INFO pool-1-thread-2 it.simonedegiacomi.storage.components.core.Move New move query
INFO pool-1-thread-2 it.simonedegiacomi.storage.EventEmitter emit new event it.simonedegiacomi.goboxapi.client.SyncEvent@3e498613
INFO pool-1-thread-2 it.simonedegiacomi.goboxapi.myws.MyWSClient New broadcast message sent
INFO FileSystemListener it.simonedegiacomi.sync.fs.MyFileSystemWatcher Acquired new events: 1
INFO FileSystemListener it.simonedegiacomi.sync.fs.MyFileSystemWatcher Event ENTRY_MODIFY
INFO FileSystemListener it.simonedegiacomi.sync.fs.MyFileSystemWatcher Event ENTRY_MODIFY file files/Documenti/Scuola at 1465137622000
INFO FileSystemListener it.simonedegiacomi.sync.fs.MyFileSystemWatcher Event ENTRY_MODIFY on files/Documenti/Scuola ignored
INFO FileSystemListener it.simonedegiacomi.sync.fs.MyFileSystemWatcher Acquired new events: 2
INFO FileSystemListener it.simonedegiacomi.sync.fs.MyFileSystemWatcher Event ENTRY_DELETE
INFO FileSystemListener it.simonedegiacomi.sync.fs.MyFileSystemWatcher Event ENTRY_MODIFY
INFO FileSystemListener it.simonedegiacomi.sync.fs.MyFileSystemWatcher Event ENTRY_DELETE file files/Documenti/Scuola/_dispense_Esercizi_calcolo_combinatorio.pdf at 0
INFO FileSystemListener it.simonedegiacomi.sync.fs.MyFileSystemWatcher Deleted event files/Documenti/Scuola/_dispense_Esercizi_calcolo_combinatorio.pdf
INFO FileSystemListener it.simonedegiacomi.sync.fs.MyFileSystemWatcher Event ENTRY_MODIFY file files/Documenti/Scuola/Matematica at 1465137622000
INFO FileSystemListener it.simonedegiacomi.sync.fs.MyFileSystemWatcher Event ENTRY_MODIFY on files/Documenti/Scuola/Matematica ignored
INFO FileSystemListener it.simonedegiacomi.sync.fs.MyFileSystemWatcher Acquired new events: 1
INFO FileSystemListener it.simonedegiacomi.sync.fs.MyFileSystemWatcher Event ENTRY_CREATE
INFO FileSystemListener it.simonedegiacomi.sync.fs.MyFileSystemWatcher Event ENTRY_CREATE file files/Documenti/Scuola/Matematica/_dispense_Esercizi_calcolo_combinatorio.pdf at 1465137597000
INFO FileSystemListener it.simonedegiacomi.sync.fs.MyFileSystemWatcher Event ENTRY_CREATE on files/Documenti/Scuola/Matematica/_dispense_Esercizi_calcolo_combinatorio.pdf ignored
INFO pool-1-thread-1 it.simonedegiacomi.storage.components.core.Recent New recent query
INFO pool-1-thread-2 it.simonedegiacomi.storage.components.GBComponent New file info query
INFO pool-1-thread-1 it.simonedegiacomi.storage.components.core.Recent New recent query
INFO pool-1-thread-2 it.simonedegiacomi.storage.components.core.Trash New trash file request
INFO pool-1-thread-2 it.simonedegiacomi.storage.components.core.Trash Request completed
INFO pool-1-thread-2 it.simonedegiacomi.storage.EventEmitter emit new event it.simonedegiacomi.goboxapi.client.SyncEvent@d2ea5b5
INFO pool-1-thread-2 it.simonedegiacomi.goboxapi.myws.MyWSClient New broadcast message sent
INFO pool-1-thread-1 it.simonedegiacomi.storage.components.GBComponent New file info query
INFO Thread-6 it.simonedegiacomi.storage.direct.CorsHeadersMiddleware Adding cors headers
INFO Thread-6 it.simonedegiacomi.storage.direct.AuthMiddleware Analyzing request
INFO Thread-6 it.simonedegiacomi.storage.direct.AuthMiddleware Request authorized
INFO Thread-6 it.simonedegiacomi.storage.components.core.StorageToClient New direct download request
WARN Thread-6 it.simonedegiacomi.storage.Storage GBComponent method invocation exception
java.lang.reflect.InvocationTargetException
	at sun.reflect.NativeMethodAccessorImpl.invoke0(Native Method)
	at sun.reflect.NativeMethodAccessorImpl.invoke(NativeMethodAccessorImpl.java:62)
	at sun.reflect.DelegatingMethodAccessorImpl.invoke(DelegatingMethodAccessorImpl.java:43)
	at java.lang.reflect.Method.invoke(Method.java:497)
	at it.simonedegiacomi.storage.Storage.lambda$loadComponents$15(Storage.java:247)
	at it.simonedegiacomi.storage.direct.AuthMiddleware$1.handle(AuthMiddleware.java:92)
	at it.simonedegiacomi.storage.direct.CorsHeadersMiddleware.lambda$wrap$17(CorsHeadersMiddleware.java:24)
	at com.sun.net.httpserver.Filter$Chain.doFilter(Filter.java:79)
	at sun.net.httpserver.AuthFilter.doFilter(AuthFilter.java:83)
	at com.sun.net.httpserver.Filter$Chain.doFilter(Filter.java:82)
	at sun.net.httpserver.ServerImpl$Exchange$LinkHandler.handle(ServerImpl.java:675)
	at com.sun.net.httpserver.Filter$Chain.doFilter(Filter.java:79)
	at sun.net.httpserver.ServerImpl$Exchange.run(ServerImpl.java:645)
	at sun.net.httpserver.ServerImpl$DefaultExecutor.execute(ServerImpl.java:158)
	at sun.net.httpserver.ServerImpl$Dispatcher.handle(ServerImpl.java:431)
	at sun.net.httpserver.ServerImpl$Dispatcher.run(ServerImpl.java:396)
	at java.lang.Thread.run(Thread.java:745)
Caused by: java.security.InvalidParameterException: file not valid
	at it.simonedegiacomi.storage.components.core.utils.sender.Sender.sendFile(Sender.java:120)
	at it.simonedegiacomi.storage.components.core.utils.sender.Sender.send(Sender.java:50)
	at it.simonedegiacomi.storage.components.core.StorageToClient.onDirectDownloadRequest(StorageToClient.java:270)
	... 17 more
INFO pool-1-thread-2 it.simonedegiacomi.storage.components.core.Recent New recent query
INFO FileSystemListener it.simonedegiacomi.sync.fs.MyFileSystemWatcher Acquired new events: 1
INFO FileSystemListener it.simonedegiacomi.sync.fs.MyFileSystemWatcher Event ENTRY_DELETE
INFO FileSystemListener it.simonedegiacomi.sync.fs.MyFileSystemWatcher Event ENTRY_DELETE file files/UML.mdj at 0
INFO FileSystemListener it.simonedegiacomi.sync.fs.MyFileSystemWatcher Deleted event files/UML.mdj
INFO pool-1-thread-1 it.simonedegiacomi.storage.components.core.Recent New recent query
INFO main it.simonedegiacomi.configuration.Config config saved
INFO main it.simonedegiacomi.configuration.Config config saved
INFO main it.simonedegiacomi.sync.fs.MyFileSystemWatcher Start watching files
INFO main it.simonedegiacomi.sync.fs.MyFileSystemWatcher Start watching files/after
INFO main it.simonedegiacomi.sync.fs.MyFileSystemWatcher Start watching files/Documenti
INFO main it.simonedegiacomi.sync.fs.MyFileSystemWatcher Start watching files/Documenti/Scuola
INFO main it.simonedegiacomi.sync.fs.MyFileSystemWatcher Start watching files/Documenti/Scuola/Matematica
INFO main it.simonedegiacomi.sync.fs.MyFileSystemWatcher Start watching files/lol
INFO main it.simonedegiacomi.sync.fs.MyFileSystemWatcher Start watching files/ok
INFO main it.simonedegiacomi.sync.fs.MyFileSystemWatcher Start watching files/untitled folder
INFO main com.j256.ormlite.table.TableUtils creating table 'file'
INFO main com.j256.ormlite.table.TableUtils executed create table statement changed 0 rows: CREATE TABLE IF NOT EXISTS `file` (`ID` BIGINT AUTO_INCREMENT , `father_ID` BIGINT NOT NULL , `is_directory` TINYINT(1) NOT NULL , `trashed` TINYINT(1) NOT NULL , `size` BIGINT , `name` VARCHAR(255) NOT NULL , `creation` BIGINT , `last_update` BIGINT , `mime` VARCHAR(255) , PRIMARY KEY (`ID`) ) 
INFO main com.j256.ormlite.table.TableUtils creating table 'event'
INFO main com.j256.ormlite.table.TableUtils executed create table statement changed 0 rows: CREATE TABLE IF NOT EXISTS `event` (`ID` BIGINT AUTO_INCREMENT , `kind` VARCHAR(100) NOT NULL , `file_id` BIGINT , `date` BIGINT , PRIMARY KEY (`ID`) ) 
INFO main com.j256.ormlite.table.TableUtils creating table 'sharing'
INFO main com.j256.ormlite.table.TableUtils executed create table statement changed 0 rows: CREATE TABLE IF NOT EXISTS `sharing` (`ID` BIGINT AUTO_INCREMENT , `file_id` BIGINT , PRIMARY KEY (`ID`) ) 
INFO main it.simonedegiacomi.configuration.Config Property directConnectionPort not found, using default value: 6522
INFO main it.simonedegiacomi.configuration.Config Property directConnectionListenAddress not found, using default value: 0.0.0.0
INFO main it.simonedegiacomi.configuration.Config Property keyStoreFile not found, using default value: keystore.ks
INFO main it.simonedegiacomi.storage.Storage GBComponents list loaded
INFO main it.simonedegiacomi.storage.Storage Analyzing component it.simonedegiacomi.storage.components.core.StorageToClient
INFO main it.simonedegiacomi.storage.Storage Found onDirectDownloadRequest (http handler)
INFO main it.simonedegiacomi.storage.Storage Found onBridgeDownloadRequest (query handler)
INFO main it.simonedegiacomi.storage.Storage Analyzing component it.simonedegiacomi.storage.components.core.ClientToStorage
INFO main it.simonedegiacomi.storage.Storage Found onBridgeUpload (query handler)
INFO main it.simonedegiacomi.storage.Storage Found onDirectDownloadRequest (http handler)
INFO main it.simonedegiacomi.storage.Storage Analyzing component it.simonedegiacomi.storage.components.core.FileInfo
INFO main it.simonedegiacomi.storage.Storage Found onFileInfoQuery (query handler)
INFO main it.simonedegiacomi.storage.Storage Analyzing component it.simonedegiacomi.storage.components.core.CreateFolder
INFO main it.simonedegiacomi.storage.Storage Found onQuery (query handler)
INFO main it.simonedegiacomi.storage.Storage Analyzing component it.simonedegiacomi.storage.components.core.Search
INFO main it.simonedegiacomi.storage.Storage Found onQuery (query handler)
INFO main it.simonedegiacomi.storage.Storage Analyzing component it.simonedegiacomi.storage.components.core.Recent
INFO main it.simonedegiacomi.storage.Storage Found onQuery (query handler)
INFO main it.simonedegiacomi.storage.Storage Analyzing component it.simonedegiacomi.storage.components.core.Share
INFO main it.simonedegiacomi.storage.Storage Found onShareQuery (query handler)
INFO main it.simonedegiacomi.storage.Storage Found onShareListQuery (query handler)
INFO main it.simonedegiacomi.storage.Storage Analyzing component it.simonedegiacomi.storage.components.core.Move
INFO main it.simonedegiacomi.storage.Storage Found onQuery (query handler)
INFO main it.simonedegiacomi.storage.Storage Analyzing component it.simonedegiacomi.storage.components.core.Ping
INFO main it.simonedegiacomi.storage.Storage Found onPingQuery (query handler)
INFO main it.simonedegiacomi.storage.Storage Analyzing component it.simonedegiacomi.storage.components.core.Trash
INFO main it.simonedegiacomi.storage.Storage Found onQuery (query handler)
INFO main it.simonedegiacomi.storage.Storage Found onTrashQuery (query handler)
INFO main it.simonedegiacomi.storage.Storage Found onTrashedFilesListQuery (query handler)
INFO main it.simonedegiacomi.storage.Storage Found onRemoveQuery (query handler)
INFO main it.simonedegiacomi.configuration.Config Property trash not found, using default value: trash/
INFO main it.simonedegiacomi.storage.direct.HttpsStorageServer Starting server
INFO ReadingThread it.simonedegiacomi.goboxapi.myws.MyWSClient Websocket connection established
INFO main it.simonedegiacomi.storage.direct.HttpsStorageServer Server started
INFO main it.simonedegiacomi.storage.Storage Storage started
INFO main it.simonedegiacomi.sync.Sync Start synchronization with storage
WARN pool-1-thread-1 it.simonedegiacomi.goboxapi.myws.MyWSClient Received unknown event: initialization
INFO pool-2-thread-1 it.simonedegiacomi.sync.WorkManager running work UPLOAD file: .DS_Store
INFO pool-2-thread-1 it.simonedegiacomi.storage.EventEmitter emit new event it.simonedegiacomi.goboxapi.client.SyncEvent@13327ec9
INFO pool-2-thread-1 it.simonedegiacomi.goboxapi.myws.MyWSClient New broadcast message sent
INFO pool-2-thread-1 it.simonedegiacomi.sync.WorkManager work completed UPLOAD file: .DS_Store
INFO main it.simonedegiacomi.sync.Sync sync completed
INFO pool-2-thread-2 it.simonedegiacomi.sync.WorkManager running work DOWNLOAD file: UML.mdj
INFO pool-2-thread-2 it.simonedegiacomi.sync.WorkManager work completed DOWNLOAD file: UML.mdj
INFO pool-1-thread-2 it.simonedegiacomi.storage.components.GBComponent New file info query
INFO pool-1-thread-1 it.simonedegiacomi.storage.components.core.Search New shared file list query
INFO pool-1-thread-2 it.simonedegiacomi.storage.components.core.Trash New file trash list query
INFO main it.simonedegiacomi.configuration.Config config saved
INFO main it.simonedegiacomi.configuration.Config config saved
INFO main it.simonedegiacomi.sync.fs.MyFileSystemWatcher Start watching files
INFO main it.simonedegiacomi.sync.fs.MyFileSystemWatcher Start watching files/after
INFO main it.simonedegiacomi.sync.fs.MyFileSystemWatcher Start watching files/Documenti
INFO main it.simonedegiacomi.sync.fs.MyFileSystemWatcher Start watching files/Documenti/Scuola
INFO main it.simonedegiacomi.sync.fs.MyFileSystemWatcher Start watching files/Documenti/Scuola/Matematica
INFO main it.simonedegiacomi.sync.fs.MyFileSystemWatcher Start watching files/lol
INFO main it.simonedegiacomi.sync.fs.MyFileSystemWatcher Start watching files/ok
INFO main it.simonedegiacomi.sync.fs.MyFileSystemWatcher Start watching files/untitled folder
INFO main com.j256.ormlite.table.TableUtils creating table 'file'
INFO main com.j256.ormlite.table.TableUtils executed create table statement changed 0 rows: CREATE TABLE IF NOT EXISTS `file` (`ID` BIGINT AUTO_INCREMENT , `father_ID` BIGINT NOT NULL , `is_directory` TINYINT(1) NOT NULL , `trashed` TINYINT(1) NOT NULL , `size` BIGINT , `name` VARCHAR(255) NOT NULL , `creation` BIGINT , `last_update` BIGINT , `mime` VARCHAR(255) , PRIMARY KEY (`ID`) ) 
INFO main com.j256.ormlite.table.TableUtils creating table 'event'
INFO main com.j256.ormlite.table.TableUtils executed create table statement changed 0 rows: CREATE TABLE IF NOT EXISTS `event` (`ID` BIGINT AUTO_INCREMENT , `kind` VARCHAR(100) NOT NULL , `file_id` BIGINT , `date` BIGINT , PRIMARY KEY (`ID`) ) 
INFO main com.j256.ormlite.table.TableUtils creating table 'sharing'
INFO main com.j256.ormlite.table.TableUtils executed create table statement changed 0 rows: CREATE TABLE IF NOT EXISTS `sharing` (`ID` BIGINT AUTO_INCREMENT , `file_id` BIGINT , PRIMARY KEY (`ID`) ) 
INFO main it.simonedegiacomi.configuration.Config Property directConnectionPort not found, using default value: 6522
INFO main it.simonedegiacomi.configuration.Config Property directConnectionListenAddress not found, using default value: 0.0.0.0
INFO main it.simonedegiacomi.configuration.Config Property keyStoreFile not found, using default value: keystore.ks
INFO main it.simonedegiacomi.storage.Storage GBComponents list loaded
INFO main it.simonedegiacomi.storage.Storage Analyzing component it.simonedegiacomi.storage.components.core.StorageToClient
INFO main it.simonedegiacomi.storage.Storage Found onDirectDownloadRequest (http handler)
INFO main it.simonedegiacomi.storage.Storage Found onBridgeDownloadRequest (query handler)
INFO main it.simonedegiacomi.storage.Storage Analyzing component it.simonedegiacomi.storage.components.core.ClientToStorage
INFO main it.simonedegiacomi.storage.Storage Found onDirectDownloadRequest (http handler)
INFO main it.simonedegiacomi.storage.Storage Found onBridgeUpload (query handler)
INFO main it.simonedegiacomi.storage.Storage Analyzing component it.simonedegiacomi.storage.components.core.FileInfo
INFO main it.simonedegiacomi.storage.Storage Found onFileInfoQuery (query handler)
INFO main it.simonedegiacomi.storage.Storage Analyzing component it.simonedegiacomi.storage.components.core.CreateFolder
INFO main it.simonedegiacomi.storage.Storage Found onQuery (query handler)
INFO main it.simonedegiacomi.storage.Storage Analyzing component it.simonedegiacomi.storage.components.core.Search
INFO main it.simonedegiacomi.storage.Storage Found onQuery (query handler)
INFO main it.simonedegiacomi.storage.Storage Analyzing component it.simonedegiacomi.storage.components.core.Recent
INFO main it.simonedegiacomi.storage.Storage Found onQuery (query handler)
INFO main it.simonedegiacomi.storage.Storage Analyzing component it.simonedegiacomi.storage.components.core.Share
INFO main it.simonedegiacomi.storage.Storage Found onShareQuery (query handler)
INFO main it.simonedegiacomi.storage.Storage Found onShareListQuery (query handler)
INFO main it.simonedegiacomi.storage.Storage Analyzing component it.simonedegiacomi.storage.components.core.Move
INFO main it.simonedegiacomi.storage.Storage Found onQuery (query handler)
INFO main it.simonedegiacomi.storage.Storage Analyzing component it.simonedegiacomi.storage.components.core.Ping
INFO main it.simonedegiacomi.storage.Storage Found onPingQuery (query handler)
INFO main it.simonedegiacomi.storage.Storage Analyzing component it.simonedegiacomi.storage.components.core.Trash
INFO main it.simonedegiacomi.storage.Storage Found onQuery (query handler)
INFO main it.simonedegiacomi.storage.Storage Found onTrashQuery (query handler)
INFO main it.simonedegiacomi.storage.Storage Found onTrashedFilesListQuery (query handler)
INFO main it.simonedegiacomi.storage.Storage Found onRemoveQuery (query handler)
INFO main it.simonedegiacomi.configuration.Config Property trash not found, using default value: trash/
INFO main it.simonedegiacomi.storage.direct.HttpsStorageServer Starting server
INFO ReadingThread it.simonedegiacomi.goboxapi.myws.MyWSClient Websocket connection established
INFO main it.simonedegiacomi.storage.direct.HttpsStorageServer Server started
INFO main it.simonedegiacomi.storage.Storage Storage started
INFO main it.simonedegiacomi.sync.Sync Start synchronization with storage
WARN pool-1-thread-1 it.simonedegiacomi.goboxapi.myws.MyWSClient Received unknown event: initialization
INFO pool-2-thread-1 it.simonedegiacomi.sync.WorkManager running work UPLOAD file: .DS_Store
INFO pool-2-thread-1 it.simonedegiacomi.storage.EventEmitter emit new event it.simonedegiacomi.goboxapi.client.SyncEvent@37a8e3c5
INFO pool-2-thread-2 it.simonedegiacomi.sync.WorkManager running work UPLOAD file: _dispense_Esercizi_calcolo_combinatorio.pdf
INFO pool-2-thread-3 it.simonedegiacomi.sync.WorkManager running work UPLOAD file: GoBoxJavaApi.png
INFO pool-2-thread-2 it.simonedegiacomi.storage.EventEmitter emit new event it.simonedegiacomi.goboxapi.client.SyncEvent@4b87f192
INFO pool-2-thread-1 it.simonedegiacomi.goboxapi.myws.MyWSClient New broadcast message sent
INFO pool-2-thread-2 it.simonedegiacomi.goboxapi.myws.MyWSClient New broadcast message sent
INFO pool-2-thread-1 it.simonedegiacomi.sync.WorkManager work completed UPLOAD file: .DS_Store
INFO pool-2-thread-2 it.simonedegiacomi.sync.WorkManager work completed UPLOAD file: _dispense_Esercizi_calcolo_combinatorio.pdf
INFO pool-2-thread-3 it.simonedegiacomi.storage.EventEmitter emit new event it.simonedegiacomi.goboxapi.client.SyncEvent@169110f1
INFO pool-2-thread-3 it.simonedegiacomi.goboxapi.myws.MyWSClient New broadcast message sent
INFO pool-2-thread-3 it.simonedegiacomi.sync.WorkManager work completed UPLOAD file: GoBoxJavaApi.png
INFO main it.simonedegiacomi.sync.Sync sync completed
INFO pool-2-thread-4 it.simonedegiacomi.sync.WorkManager running work DOWNLOAD file: UML.mdj
INFO pool-2-thread-4 it.simonedegiacomi.sync.WorkManager work completed DOWNLOAD file: UML.mdj
INFO pool-1-thread-2 it.simonedegiacomi.storage.components.core.CreateFolder CreateFolder query
INFO pool-1-thread-2 it.simonedegiacomi.storage.EventEmitter emit new event it.simonedegiacomi.goboxapi.client.SyncEvent@da2350f
INFO pool-1-thread-2 it.simonedegiacomi.goboxapi.myws.MyWSClient New broadcast message sent
INFO pool-1-thread-2 it.simonedegiacomi.storage.components.core.CreateFolder Folder created
INFO FileSystemListener it.simonedegiacomi.sync.fs.MyFileSystemWatcher Acquired new events: 1
INFO FileSystemListener it.simonedegiacomi.sync.fs.MyFileSystemWatcher Event ENTRY_CREATE
INFO FileSystemListener it.simonedegiacomi.sync.fs.MyFileSystemWatcher Event ENTRY_CREATE file files/yeeeee at 1465143357000
INFO FileSystemListener it.simonedegiacomi.sync.fs.MyFileSystemWatcher Start watching files/yeeeee
INFO FileSystemListener it.simonedegiacomi.sync.fs.MyFileSystemWatcher Event ENTRY_CREATE on files/yeeeee ignored
WARN ReadingThread it.simonedegiacomi.storage.Storage websocket disconnected
